\BOOKMARK [1][-]{section*.1}{\376\377\000S\000e\000c\000c\000i\000\363\000n\000\040\000A\000\040\000-\000\040\000E\000x\000p\000l\000o\000r\000e\000m\000o\000s\000\040\000n\000u\000e\000s\000t\000r\000a\000s\000\040\000h\000e\000r\000r\000a\000m\000i\000e\000n\000t\000a\000s}{}% 1
\BOOKMARK [2][-]{subsection*.2}{\376\377\000L\000e\000c\000c\000i\000\363\000n\000\040\0001}{section*.1}% 2
\BOOKMARK [2][-]{subsection*.9}{\376\377\000L\000e\000c\000c\000i\000\363\000n\000\040\0002}{section*.1}% 3
\BOOKMARK [2][-]{subsection*.16}{\376\377\000L\000e\000c\000c\000i\000\363\000n\000\040\0003}{section*.1}% 4
\BOOKMARK [2][-]{subsection*.27}{\376\377\000L\000e\000c\000c\000i\000\363\000n\000\040\0004}{section*.1}% 5
\BOOKMARK [2][-]{subsection*.37}{\376\377\000L\000e\000c\000c\000i\000\363\000n\000\040\0005}{section*.1}% 6
\BOOKMARK [2][-]{subsection*.58}{\376\377\000R\000e\000s\000u\000m\000e\000n\000\040\000s\000e\000c\000c\000i\000\363\000n}{section*.1}% 7
\BOOKMARK [1][-]{section*.65}{\376\377\000S\000e\000c\000c\000i\000\363\000n\000\040\000B\000\040\000-\000\040\000R\000e\000c\000o\000n\000o\000z\000c\000a\000m\000o\000s\000\040\000c\000a\000n\000t\000i\000d\000a\000d\000e\000s}{}% 8
\BOOKMARK [2][-]{subsection*.66}{\376\377\000L\000e\000c\000c\000i\000\363\000n\000\040\0006}{section*.65}% 9
\BOOKMARK [2][-]{subsection*.83}{\376\377\000L\000e\000c\000c\000i\000\363\000n\000\040\0007}{section*.65}% 10
\BOOKMARK [2][-]{subsection*.102}{\376\377\000L\000e\000c\000c\000i\000\363\000n\000\040\0008}{section*.65}% 11
\BOOKMARK [2][-]{subsection*.122}{\376\377\000L\000e\000c\000c\000i\000\363\000n\000\040\0009}{section*.65}% 12
\BOOKMARK [2][-]{subsection*.143}{\376\377\000R\000e\000s\000u\000m\000e\000n\000\040\000s\000e\000c\000c\000i\000\363\000n}{section*.65}% 13
\BOOKMARK [1][-]{section*.150}{\376\377\000S\000e\000c\000c\000i\000\363\000n\000\040\000C\000\040\000-\000\040\000\277\000H\000a\000y\000\040\000s\000u\000f\000i\000c\000i\000e\000n\000t\000e\000s\000?}{}% 14
\BOOKMARK [2][-]{subsection*.151}{\376\377\000L\000e\000c\000c\000i\000\363\000n\000\040\0001\0000}{section*.150}% 15
\BOOKMARK [2][-]{subsection*.170}{\376\377\000L\000e\000c\000c\000i\000\363\000n\000\040\0001\0001}{section*.150}% 16
\BOOKMARK [2][-]{subsection*.189}{\376\377\000R\000e\000s\000u\000m\000e\000n\000\040\000s\000e\000c\000c\000i\000\363\000n}{section*.150}% 17
\BOOKMARK [1][-]{section*.190}{\376\377\000S\000e\000c\000c\000i\000\363\000n\000\040\000D\000\040\000-\000\040\000C\000o\000n\000t\000e\000m\000o\000s\000\040\000c\000o\000l\000e\000c\000c\000i\000o\000n\000e\000s}{}% 18
\BOOKMARK [2][-]{subsection*.191}{\376\377\000L\000e\000c\000c\000i\000\363\000n\000\040\0001\0002}{section*.190}% 19
\BOOKMARK [2][-]{subsection*.204}{\376\377\000L\000e\000c\000c\000i\000\363\000n\000\040\0001\0003}{section*.190}% 20
\BOOKMARK [2][-]{subsection*.221}{\376\377\000L\000e\000c\000c\000i\000\363\000n\000\040\0001\0004}{section*.190}% 21
\BOOKMARK [2][-]{subsection*.234}{\376\377\000L\000e\000c\000c\000i\000\363\000n\000\040\0001\0005}{section*.190}% 22
\BOOKMARK [2][-]{subsection*.251}{\376\377\000L\000e\000c\000c\000i\000\363\000n\000\040\0001\0006}{section*.190}% 23
\BOOKMARK [2][-]{subsection*.268}{\376\377\000L\000e\000c\000c\000i\000\363\000n\000\040\0001\0007}{section*.190}% 24
\BOOKMARK [2][-]{subsection*.281}{\376\377\000R\000e\000s\000u\000m\000e\000n\000\040\000s\000e\000c\000c\000i\000\363\000n}{section*.190}% 25
\BOOKMARK [1][-]{section*.286}{\376\377\000A\000t\000r\000i\000b\000u\000c\000i\000o\000n\000e\000s\000\040\000d\000e\000\040\000i\000m\000\341\000g\000e\000n\000e\000s}{}% 26
