\BOOKMARK [1][-]{section*.1}{\376\377\000S\000e\000c\000c\000i\000\363\000n\000\040\000A\000\040\000-\000\040\000E\000x\000p\000l\000o\000r\000e\000m\000o\000s\000\040\000h\000e\000r\000r\000a\000m\000i\000e\000n\000t\000a\000s}{}% 1
\BOOKMARK [2][-]{subsection*.2}{\376\377\000L\000e\000c\000c\000i\000\363\000n\000\040\0001}{section*.1}% 2
\BOOKMARK [2][-]{subsection*.6}{\376\377\000L\000e\000c\000c\000i\000\363\000n\000\040\0002}{section*.1}% 3
\BOOKMARK [2][-]{subsection*.10}{\376\377\000L\000e\000c\000c\000i\000\363\000n\000\040\0003}{section*.1}% 4
\BOOKMARK [2][-]{subsection*.18}{\376\377\000L\000e\000c\000c\000i\000\363\000n\000\040\0004}{section*.1}% 5
\BOOKMARK [2][-]{subsection*.25}{\376\377\000L\000e\000c\000c\000i\000\363\000n\000\040\0005}{section*.1}% 6
\BOOKMARK [2][-]{subsection*.46}{\376\377\000R\000e\000s\000u\000m\000e\000n\000\040\000s\000e\000c\000c\000i\000\363\000n}{section*.1}% 7
\BOOKMARK [1][-]{section*.53}{\376\377\000S\000e\000c\000c\000i\000\363\000n\000\040\000B\000\040\000-\000\040\000R\000e\000c\000o\000n\000o\000z\000c\000a\000m\000o\000s\000\040\000c\000a\000n\000t\000i\000d\000a\000d\000e\000s}{}% 8
\BOOKMARK [2][-]{subsection*.54}{\376\377\000L\000e\000c\000c\000i\000\363\000n\000\040\0006}{section*.53}% 9
\BOOKMARK [2][-]{subsection*.68}{\376\377\000L\000e\000c\000c\000i\000\363\000n\000\040\0007}{section*.53}% 10
\BOOKMARK [2][-]{subsection*.87}{\376\377\000L\000e\000c\000c\000i\000\363\000n\000\040\0008}{section*.53}% 11
\BOOKMARK [2][-]{subsection*.107}{\376\377\000L\000e\000c\000c\000i\000\363\000n\000\040\0009}{section*.53}% 12
\BOOKMARK [2][-]{subsection*.128}{\376\377\000R\000e\000s\000u\000m\000e\000n\000\040\000s\000e\000c\000c\000i\000\363\000n}{section*.53}% 13
\BOOKMARK [1][-]{section*.135}{\376\377\000S\000e\000c\000c\000i\000\363\000n\000\040\000C\000\040\000-\000\040\000\277\000H\000a\000y\000\040\000s\000u\000f\000i\000c\000i\000e\000n\000t\000e\000s\000?}{}% 14
\BOOKMARK [2][-]{subsection*.136}{\376\377\000L\000e\000c\000c\000i\000\363\000n\000\040\0001\0000}{section*.135}% 15
\BOOKMARK [2][-]{subsection*.152}{\376\377\000L\000e\000c\000c\000i\000\363\000n\000\040\0001\0001}{section*.135}% 16
\BOOKMARK [2][-]{subsection*.171}{\376\377\000R\000e\000s\000u\000m\000e\000n\000\040\000s\000e\000c\000c\000i\000\363\000n}{section*.135}% 17
\BOOKMARK [1][-]{section*.172}{\376\377\000S\000e\000c\000c\000i\000\363\000n\000\040\000D\000\040\000-\000\040\000C\000o\000n\000t\000e\000m\000o\000s\000\040\000c\000o\000l\000e\000c\000c\000i\000o\000n\000e\000s}{}% 18
\BOOKMARK [2][-]{subsection*.173}{\376\377\000L\000e\000c\000c\000i\000\363\000n\000\040\0001\0002}{section*.172}% 19
\BOOKMARK [2][-]{subsection*.177}{\376\377\000L\000e\000c\000c\000i\000\363\000n\000\040\0001\0003}{section*.172}% 20
\BOOKMARK [2][-]{subsection*.185}{\376\377\000L\000e\000c\000c\000i\000\363\000n\000\040\0001\0004}{section*.172}% 21
\BOOKMARK [2][-]{subsection*.189}{\376\377\000L\000e\000c\000c\000i\000\363\000n\000\040\0001\0005}{section*.172}% 22
\BOOKMARK [2][-]{subsection*.197}{\376\377\000L\000e\000c\000c\000i\000\363\000n\000\040\0001\0006}{section*.172}% 23
\BOOKMARK [2][-]{subsection*.205}{\376\377\000L\000e\000c\000c\000i\000\363\000n\000\040\0001\0007}{section*.172}% 24
\BOOKMARK [2][-]{subsection*.209}{\376\377\000R\000e\000s\000u\000m\000e\000n\000\040\000s\000e\000c\000c\000i\000\363\000n}{section*.172}% 25
\BOOKMARK [1][-]{section*.214}{\376\377\000A\000t\000r\000i\000b\000u\000c\000i\000o\000n\000e\000s\000\040\000d\000e\000\040\000i\000m\000\341\000g\000e\000n\000e\000s}{}% 26
