\BOOKMARK [1][-]{section*.5}{\376\377\000S\000e\000c\000c\000i\000\363\000n\000\040\000A\000\040\000-\000\040\000\277\000Q\000u\000\351\000\040\000e\000s\000\040\000l\000a\000\040\000d\000i\000v\000i\000s\000i\000\363\000n\000?}{}% 1
\BOOKMARK [2][-]{subsection*.9}{\376\377\000L\000e\000c\000c\000i\000\363\000n\000\040\0001}{section*.5}% 2
\BOOKMARK [3][-]{subsubsection*.12}{\376\377\000C\000a\000l\000e\000n\000t\000a\000m\000i\000e\000n\000t\000o}{subsection*.9}% 3
\BOOKMARK [3][-]{subsubsection*.15}{\376\377\000A\000c\000t\000i\000v\000i\000d\000a\000d\000\040\0001}{subsection*.9}% 4
\BOOKMARK [3][-]{subsubsection*.24}{\376\377\000A\000c\000t\000i\000v\000i\000d\000a\000d\000\040\0002}{subsection*.9}% 5
\BOOKMARK [3][-]{subsubsection*.31}{\376\377\000S\000\355\000n\000t\000e\000s\000i\000s\000\040\000d\000e\000\040\000l\000a\000\040\000l\000e\000c\000c\000i\000\363\000n}{subsection*.9}% 6
\BOOKMARK [3][-]{subsubsection*.32}{\376\377\000A\000c\000t\000i\000v\000i\000d\000a\000d\000\040\000d\000e\000\040\000c\000i\000e\000r\000r\000e}{subsection*.9}% 7
\BOOKMARK [2][-]{subsection*.35}{\376\377\000L\000e\000c\000c\000i\000\363\000n\000\040\0002}{section*.5}% 8
\BOOKMARK [3][-]{subsubsection*.38}{\376\377\000C\000a\000l\000e\000n\000t\000a\000m\000i\000e\000n\000t\000o}{subsection*.35}% 9
\BOOKMARK [3][-]{subsubsection*.41}{\376\377\000A\000c\000t\000i\000v\000i\000d\000a\000d\000\040\0001}{subsection*.35}% 10
\BOOKMARK [3][-]{subsubsection*.50}{\376\377\000A\000c\000t\000i\000v\000i\000d\000a\000d\000\040\0002}{subsection*.35}% 11
\BOOKMARK [3][-]{subsubsection*.53}{\376\377\000A\000c\000t\000i\000v\000i\000d\000a\000d\000\040\0003}{subsection*.35}% 12
\BOOKMARK [3][-]{subsubsection*.58}{\376\377\000S\000\355\000n\000t\000e\000s\000i\000s\000\040\000d\000e\000\040\000l\000a\000\040\000l\000e\000c\000c\000i\000\363\000n\000\040\000\050\0001\0000\000\040\000m\000i\000n\000s\000\051}{subsection*.35}% 13
\BOOKMARK [3][-]{subsubsection*.59}{\376\377\000A\000c\000t\000i\000v\000i\000d\000a\000d\000\040\000d\000e\000\040\000c\000i\000e\000r\000r\000e}{subsection*.35}% 14
\BOOKMARK [2][-]{subsection*.62}{\376\377\000L\000e\000c\000c\000i\000\363\000n\000\040\0003}{section*.5}% 15
\BOOKMARK [3][-]{subsubsection*.65}{\376\377\000C\000a\000l\000e\000n\000t\000a\000m\000i\000e\000n\000t\000o}{subsection*.62}% 16
\BOOKMARK [3][-]{subsubsection*.72}{\376\377\000A\000c\000t\000i\000v\000i\000d\000a\000d\000\040\0001}{subsection*.62}% 17
\BOOKMARK [3][-]{subsubsection*.79}{\376\377\000A\000c\000t\000i\000v\000i\000d\000a\000d\000\040\0002}{subsection*.62}% 18
\BOOKMARK [3][-]{subsubsection*.84}{\376\377\000A\000c\000t\000i\000v\000i\000d\000a\000d\000\040\0003}{subsection*.62}% 19
\BOOKMARK [3][-]{subsubsection*.101}{\376\377\000S\000\355\000n\000t\000e\000s\000i\000s\000\040\000d\000e\000\040\000l\000a\000\040\000l\000e\000c\000c\000i\000\363\000n\000\040\000\050\0005\000\040\000m\000i\000n\000s\000\051}{subsection*.62}% 20
\BOOKMARK [3][-]{subsubsection*.105}{\376\377\000A\000c\000t\000i\000v\000i\000d\000a\000d\000\040\000d\000e\000\040\000c\000i\000e\000r\000r\000e}{subsection*.62}% 21
\BOOKMARK [2][-]{subsection*.110}{\376\377\000L\000e\000c\000c\000i\000\363\000n\000\040\0004}{section*.5}% 22
\BOOKMARK [3][-]{subsubsection*.113}{\376\377\000C\000a\000l\000e\000n\000t\000a\000m\000i\000e\000n\000t\000o}{subsection*.110}% 23
\BOOKMARK [3][-]{subsubsection*.124}{\376\377\000A\000c\000t\000i\000v\000i\000d\000a\000d\000\040\0001}{subsection*.110}% 24
\BOOKMARK [3][-]{subsubsection*.142}{\376\377\000A\000c\000t\000i\000v\000i\000d\000a\000d\000\040\0002}{subsection*.110}% 25
\BOOKMARK [3][-]{subsubsection*.147}{\376\377\000A\000c\000t\000i\000v\000i\000d\000a\000d\000\040\0003}{subsection*.110}% 26
\BOOKMARK [3][-]{subsubsection*.162}{\376\377\000S\000\355\000n\000t\000e\000s\000i\000s\000\040\000d\000e\000\040\000l\000a\000\040\000l\000e\000c\000c\000i\000\363\000n\000\040\000\050\0001\0000\000\040\000m\000i\000n\000s\000\051}{subsection*.110}% 27
\BOOKMARK [3][-]{subsubsection*.163}{\376\377\000A\000c\000t\000i\000v\000i\000d\000a\000d\000\040\000d\000e\000\040\000c\000i\000e\000r\000r\000e}{subsection*.110}% 28
\BOOKMARK [2][-]{subsection*.174}{\376\377\000L\000e\000c\000c\000i\000\363\000n\000\040\0005}{section*.5}% 29
\BOOKMARK [3][-]{subsubsection*.177}{\376\377\000C\000a\000l\000e\000n\000t\000a\000m\000i\000e\000n\000t\000o}{subsection*.174}% 30
\BOOKMARK [3][-]{subsubsection*.188}{\376\377\000A\000c\000t\000i\000v\000i\000d\000a\000d\000\040\0001}{subsection*.174}% 31
\BOOKMARK [3][-]{subsubsection*.203}{\376\377\000A\000c\000t\000i\000v\000i\000d\000a\000d\000\040\0002}{subsection*.174}% 32
\BOOKMARK [3][-]{subsubsection*.212}{\376\377\000S\000\355\000n\000t\000e\000s\000i\000s\000\040\000d\000e\000\040\000l\000a\000\040\000l\000e\000c\000c\000i\000\363\000n\000\040\000\050\0001\0000\000\040\000m\000i\000n\000s\000\051}{subsection*.174}% 33
\BOOKMARK [3][-]{subsubsection*.213}{\376\377\000A\000c\000t\000i\000v\000i\000d\000a\000d\000\040\000d\000e\000\040\000c\000i\000e\000r\000r\000e}{subsection*.174}% 34
\BOOKMARK [2][-]{subsection*.220}{\376\377\000P\000r\000o\000b\000l\000e\000m\000a\000s\000\040\000d\000e\000\040\000p\000r\000\341\000c\000t\000i\000c\000a}{section*.5}% 35
\BOOKMARK [2][-]{subsection*.281}{\376\377\000R\000e\000s\000u\000m\000e\000n\000\040\000s\000e\000c\000c\000i\000\363\000n\000\040\000\050\000e\000s\000t\000u\000d\000i\000a\000n\000t\000e\000s\000\051}{section*.5}% 36
\BOOKMARK [1][-]{section*.290}{\376\377\000S\000e\000c\000c\000i\000\363\000n\000\040\000B\000\040\000-\000\040\000R\000e\000l\000a\000c\000i\000o\000n\000e\000m\000o\000s\000\040\000l\000a\000\040\000m\000u\000l\000t\000i\000p\000l\000i\000c\000a\000c\000i\000\363\000n\000\040\000y\000\040\000l\000a\000\040\000d\000i\000v\000i\000s\000i\000\363\000n}{}% 37
\BOOKMARK [2][-]{subsection*.292}{\376\377\000L\000e\000c\000c\000i\000\363\000n\000\040\0006}{section*.290}% 38
\BOOKMARK [3][-]{subsubsection*.295}{\376\377\000C\000a\000l\000e\000n\000t\000a\000m\000i\000e\000n\000t\000o}{subsection*.292}% 39
\BOOKMARK [3][-]{subsubsection*.300}{\376\377\000A\000c\000t\000i\000v\000i\000d\000a\000d\000\040\0001}{subsection*.292}% 40
\BOOKMARK [3][-]{subsubsection*.303}{\376\377\000A\000c\000t\000i\000v\000i\000d\000a\000d\000\040\0002}{subsection*.292}% 41
\BOOKMARK [3][-]{subsubsection*.306}{\376\377\000S\000\355\000n\000t\000e\000s\000i\000s\000\040\000d\000e\000\040\000l\000a\000\040\000l\000e\000c\000c\000i\000\363\000n}{subsection*.292}% 42
\BOOKMARK [3][-]{subsubsection*.308}{\376\377\000A\000c\000t\000i\000v\000i\000d\000a\000d\000\040\000d\000e\000\040\000c\000i\000e\000r\000r\000e}{subsection*.292}% 43
\BOOKMARK [2][-]{subsection*.313}{\376\377\000L\000e\000c\000c\000i\000\363\000n\000\040\0007}{section*.290}% 44
\BOOKMARK [3][-]{subsubsection*.316}{\376\377\000C\000a\000l\000e\000n\000t\000a\000m\000i\000e\000n\000t\000o}{subsection*.313}% 45
\BOOKMARK [3][-]{subsubsection*.319}{\376\377\000A\000c\000t\000i\000v\000i\000d\000a\000d\000\040\0001}{subsection*.313}% 46
\BOOKMARK [3][-]{subsubsection*.326}{\376\377\000A\000c\000t\000i\000v\000i\000d\000a\000d\000\040\0002}{subsection*.313}% 47
\BOOKMARK [3][-]{subsubsection*.345}{\376\377\000S\000\355\000n\000t\000e\000s\000i\000s\000\040\000d\000e\000\040\000l\000a\000\040\000l\000e\000c\000c\000i\000\363\000n}{subsection*.313}% 48
\BOOKMARK [3][-]{subsubsection*.346}{\376\377\000A\000c\000t\000i\000v\000i\000d\000a\000d\000\040\000d\000e\000\040\000c\000i\000e\000r\000r\000e}{subsection*.313}% 49
\BOOKMARK [2][-]{subsection*.349}{\376\377\000L\000e\000c\000c\000i\000\363\000n\000\040\0008}{section*.290}% 50
\BOOKMARK [3][-]{subsubsection*.352}{\376\377\000C\000a\000l\000e\000n\000t\000a\000m\000i\000e\000n\000t\000o}{subsection*.349}% 51
\BOOKMARK [3][-]{subsubsection*.363}{\376\377\000A\000c\000t\000i\000v\000i\000d\000a\000d\000\040\0001}{subsection*.349}% 52
\BOOKMARK [3][-]{subsubsection*.366}{\376\377\000A\000c\000t\000i\000v\000i\000d\000a\000d\000\040\0002}{subsection*.349}% 53
\BOOKMARK [3][-]{subsubsection*.373}{\376\377\000S\000\355\000n\000t\000e\000s\000i\000s\000\040\000d\000e\000\040\000l\000a\000\040\000l\000e\000c\000c\000i\000\363\000n}{subsection*.349}% 54
\BOOKMARK [3][-]{subsubsection*.374}{\376\377\000A\000c\000t\000i\000v\000i\000d\000a\000d\000\040\000d\000e\000\040\000c\000i\000e\000r\000r\000e}{subsection*.349}% 55
\BOOKMARK [2][-]{subsection*.377}{\376\377\000L\000e\000c\000c\000i\000\363\000n\000\040\0009}{section*.290}% 56
\BOOKMARK [3][-]{subsubsection*.380}{\376\377\000C\000a\000l\000e\000n\000t\000a\000m\000i\000e\000n\000t\000o}{subsection*.377}% 57
\BOOKMARK [3][-]{subsubsection*.383}{\376\377\000A\000c\000t\000i\000v\000i\000d\000a\000d\000\040\0001}{subsection*.377}% 58
\BOOKMARK [3][-]{subsubsection*.403}{\376\377\000A\000c\000t\000i\000v\000i\000d\000a\000d\000\040\0002}{subsection*.377}% 59
\BOOKMARK [3][-]{subsubsection*.410}{\376\377\000S\000\355\000n\000t\000e\000s\000i\000s\000\040\000d\000e\000\040\000l\000a\000\040\000l\000e\000c\000c\000i\000\363\000n}{subsection*.377}% 60
\BOOKMARK [3][-]{subsubsection*.411}{\376\377\000A\000c\000t\000i\000v\000i\000d\000a\000d\000\040\000d\000e\000\040\000c\000i\000e\000r\000r\000e}{subsection*.377}% 61
\BOOKMARK [2][-]{subsection*.414}{\376\377\000L\000e\000c\000c\000i\000\363\000n\000\040\0001\0000}{section*.290}% 62
\BOOKMARK [3][-]{subsubsection*.417}{\376\377\000C\000a\000l\000e\000n\000t\000a\000m\000i\000e\000n\000t\000o}{subsection*.414}% 63
\BOOKMARK [3][-]{subsubsection*.423}{\376\377\000A\000c\000t\000i\000v\000i\000d\000a\000d\000\040\0001}{subsection*.414}% 64
\BOOKMARK [3][-]{subsubsection*.452}{\376\377\000A\000c\000t\000i\000v\000i\000d\000a\000d\000\040\0002}{subsection*.414}% 65
\BOOKMARK [3][-]{subsubsection*.469}{\376\377\000S\000\355\000n\000t\000e\000s\000i\000s\000\040\000d\000e\000\040\000l\000a\000\040\000l\000e\000c\000c\000i\000\363\000n}{subsection*.414}% 66
\BOOKMARK [3][-]{subsubsection*.470}{\376\377\000A\000c\000t\000i\000v\000i\000d\000a\000d\000\040\000d\000e\000\040\000c\000i\000e\000r\000r\000e}{subsection*.414}% 67
\BOOKMARK [2][-]{subsection*.482}{\376\377\000L\000e\000c\000c\000i\000\363\000n\000\040\0001\0001}{section*.290}% 68
\BOOKMARK [3][-]{subsubsection*.485}{\376\377\000C\000a\000l\000e\000n\000t\000a\000m\000i\000e\000n\000t\000o}{subsection*.482}% 69
\BOOKMARK [3][-]{subsubsection*.492}{\376\377\000A\000c\000t\000i\000v\000i\000d\000a\000d\000\040\0001}{subsection*.482}% 70
\BOOKMARK [3][-]{subsubsection*.504}{\376\377\000A\000c\000t\000i\000v\000i\000d\000a\000d\000\040\0002}{subsection*.482}% 71
\BOOKMARK [3][-]{subsubsection*.507}{\376\377\000S\000\355\000n\000t\000e\000s\000i\000s\000\040\000d\000e\000\040\000l\000a\000\040\000l\000e\000c\000c\000i\000\363\000n}{subsection*.482}% 72
\BOOKMARK [3][-]{subsubsection*.508}{\376\377\000A\000c\000t\000i\000v\000i\000d\000a\000d\000\040\000d\000e\000\040\000c\000i\000e\000r\000r\000e}{subsection*.482}% 73
\BOOKMARK [2][-]{subsection*.519}{\376\377\000P\000r\000o\000b\000l\000e\000m\000a\000s\000\040\000d\000e\000\040\000p\000r\000\341\000c\000t\000i\000c\000a}{section*.290}% 74
\BOOKMARK [2][-]{subsection*.538}{\376\377\000R\000e\000s\000u\000m\000e\000n\000\040\000s\000e\000c\000c\000i\000\363\000n\000\040\000\050\000e\000s\000t\000u\000d\000i\000a\000n\000t\000e\000s\000\051}{section*.290}% 75
\BOOKMARK [1][-]{section*.544}{\376\377\000S\000e\000c\000c\000i\000\363\000n\000\040\000C\000\040\000-\000\040\000M\000u\000l\000t\000i\000p\000l\000i\000q\000u\000e\000m\000o\000s\000\040\000n\000\372\000m\000e\000r\000o\000s\000\040\000m\000\341\000s\000\040\000g\000r\000a\000n\000d\000e\000s}{}% 76
\BOOKMARK [2][-]{subsection*.549}{\376\377\000L\000e\000c\000c\000i\000\363\000n\000\040\0001\0002}{section*.544}% 77
\BOOKMARK [3][-]{subsubsection*.552}{\376\377\000C\000a\000l\000e\000n\000t\000a\000m\000i\000e\000n\000t\000o}{subsection*.549}% 78
\BOOKMARK [3][-]{subsubsection*.555}{\376\377\000A\000c\000t\000i\000v\000i\000d\000a\000d\000\040\0001}{subsection*.549}% 79
\BOOKMARK [3][-]{subsubsection*.568}{\376\377\000A\000c\000t\000i\000v\000i\000d\000a\000d\000\040\0002}{subsection*.549}% 80
\BOOKMARK [3][-]{subsubsection*.585}{\376\377\000S\000\355\000n\000t\000e\000s\000i\000s\000\040\000d\000e\000\040\000l\000a\000\040\000l\000e\000c\000c\000i\000\363\000n}{subsection*.549}% 81
\BOOKMARK [3][-]{subsubsection*.586}{\376\377\000A\000c\000t\000i\000v\000i\000d\000a\000d\000\040\000d\000e\000\040\000c\000i\000e\000r\000r\000e}{subsection*.549}% 82
\BOOKMARK [2][-]{subsection*.589}{\376\377\000L\000e\000c\000c\000i\000\363\000n\000\040\0001\0003}{section*.544}% 83
\BOOKMARK [3][-]{subsubsection*.592}{\376\377\000C\000a\000l\000e\000n\000t\000a\000m\000i\000e\000n\000t\000o}{subsection*.589}% 84
\BOOKMARK [3][-]{subsubsection*.595}{\376\377\000A\000c\000t\000i\000v\000i\000d\000a\000d\000\040\0001}{subsection*.589}% 85
\BOOKMARK [3][-]{subsubsection*.606}{\376\377\000A\000c\000t\000i\000v\000i\000d\000a\000d\000\040\0002}{subsection*.589}% 86
\BOOKMARK [3][-]{subsubsection*.609}{\376\377\000S\000\355\000n\000t\000e\000s\000i\000s\000\040\000d\000e\000\040\000l\000a\000\040\000l\000e\000c\000c\000i\000\363\000n}{subsection*.589}% 87
\BOOKMARK [3][-]{subsubsection*.610}{\376\377\000A\000c\000t\000i\000v\000i\000d\000a\000d\000\040\000d\000e\000\040\000c\000i\000e\000r\000r\000e}{subsection*.589}% 88
\BOOKMARK [2][-]{subsection*.613}{\376\377\000L\000e\000c\000c\000i\000\363\000n\000\040\0001\0004}{section*.544}% 89
\BOOKMARK [3][-]{subsubsection*.616}{\376\377\000C\000a\000l\000e\000n\000t\000a\000m\000i\000e\000n\000t\000o}{subsection*.613}% 90
\BOOKMARK [3][-]{subsubsection*.622}{\376\377\000A\000c\000t\000i\000v\000i\000d\000a\000d\000\040\0001}{subsection*.613}% 91
\BOOKMARK [3][-]{subsubsection*.629}{\376\377\000A\000c\000t\000i\000v\000i\000d\000a\000d\000\040\0002}{subsection*.613}% 92
\BOOKMARK [3][-]{subsubsection*.642}{\376\377\000S\000\355\000n\000t\000e\000s\000i\000s\000\040\000d\000e\000\040\000l\000a\000\040\000l\000e\000c\000c\000i\000\363\000n}{subsection*.613}% 93
\BOOKMARK [3][-]{subsubsection*.643}{\376\377\000A\000c\000t\000i\000v\000i\000d\000a\000d\000\040\000d\000e\000\040\000c\000i\000e\000r\000r\000e}{subsection*.613}% 94
\BOOKMARK [2][-]{subsection*.648}{\376\377\000L\000e\000c\000c\000i\000\363\000n\000\040\0001\0005}{section*.544}% 95
\BOOKMARK [3][-]{subsubsection*.651}{\376\377\000C\000a\000l\000e\000n\000t\000a\000m\000i\000e\000n\000t\000o}{subsection*.648}% 96
\BOOKMARK [3][-]{subsubsection*.658}{\376\377\000A\000c\000t\000i\000v\000i\000d\000a\000d\000\040\0001}{subsection*.648}% 97
\BOOKMARK [3][-]{subsubsection*.669}{\376\377\000A\000c\000t\000i\000v\000i\000d\000a\000d\000\040\0002}{subsection*.648}% 98
\BOOKMARK [3][-]{subsubsection*.672}{\376\377\000S\000\355\000n\000t\000e\000s\000i\000s\000\040\000d\000e\000\040\000l\000a\000\040\000l\000e\000c\000c\000i\000\363\000n}{subsection*.648}% 99
\BOOKMARK [3][-]{subsubsection*.673}{\376\377\000A\000c\000t\000i\000v\000i\000d\000a\000d\000\040\000d\000e\000\040\000c\000i\000e\000r\000r\000e}{subsection*.648}% 100
\BOOKMARK [2][-]{subsection*.676}{\376\377\000L\000e\000c\000c\000i\000\363\000n\000\040\0001\0006}{section*.544}% 101
\BOOKMARK [3][-]{subsubsection*.679}{\376\377\000C\000a\000l\000e\000n\000t\000a\000m\000i\000e\000n\000t\000o}{subsection*.676}% 102
\BOOKMARK [3][-]{subsubsection*.686}{\376\377\000A\000c\000t\000i\000v\000i\000d\000a\000d\000\040\0001}{subsection*.676}% 103
\BOOKMARK [3][-]{subsubsection*.715}{\376\377\000A\000c\000t\000i\000v\000i\000d\000a\000d\000\040\0002}{subsection*.676}% 104
\BOOKMARK [3][-]{subsubsection*.730}{\376\377\000A\000c\000t\000i\000v\000i\000d\000a\000d\000\040\0003}{subsection*.676}% 105
\BOOKMARK [3][-]{subsubsection*.736}{\376\377\000S\000\355\000n\000t\000e\000s\000i\000s\000\040\000d\000e\000\040\000l\000a\000\040\000l\000e\000c\000c\000i\000\363\000n}{subsection*.676}% 106
\BOOKMARK [3][-]{subsubsection*.737}{\376\377\000A\000c\000t\000i\000v\000i\000d\000a\000d\000\040\000d\000e\000\040\000c\000i\000e\000r\000r\000e}{subsection*.676}% 107
\BOOKMARK [2][-]{subsection*.740}{\376\377\000L\000e\000c\000c\000i\000\363\000n\000\040\0001\0007}{section*.544}% 108
\BOOKMARK [3][-]{subsubsection*.743}{\376\377\000C\000a\000l\000e\000n\000t\000a\000m\000i\000e\000n\000t\000o}{subsection*.740}% 109
\BOOKMARK [3][-]{subsubsection*.750}{\376\377\000A\000c\000t\000i\000v\000i\000d\000a\000d\000\040\0001}{subsection*.740}% 110
\BOOKMARK [3][-]{subsubsection*.753}{\376\377\000A\000c\000t\000i\000v\000i\000d\000a\000d\000\040\0002}{subsection*.740}% 111
\BOOKMARK [3][-]{subsubsection*.770}{\376\377\000S\000\355\000n\000t\000e\000s\000i\000s\000\040\000d\000e\000\040\000l\000a\000\040\000l\000e\000c\000c\000i\000\363\000n}{subsection*.740}% 112
\BOOKMARK [3][-]{subsubsection*.771}{\376\377\000A\000c\000t\000i\000v\000i\000d\000a\000d\000\040\000d\000e\000\040\000c\000i\000e\000r\000r\000e}{subsection*.740}% 113
\BOOKMARK [2][-]{subsection*.778}{\376\377\000P\000r\000o\000b\000l\000e\000m\000a\000s\000\040\000d\000e\000\040\000p\000r\000\341\000c\000t\000i\000c\000a}{section*.544}% 114
\BOOKMARK [2][-]{subsection*.815}{\376\377\000R\000e\000s\000u\000m\000e\000n\000\040\000s\000e\000c\000c\000i\000\363\000n\000\040\000\050\000e\000s\000t\000u\000d\000i\000a\000n\000t\000e\000s\000\051}{section*.544}% 115
\BOOKMARK [1][-]{section*.822}{\376\377\000S\000e\000c\000c\000i\000\363\000n\000\040\000D\000\040\000-\000\040\000D\000i\000v\000i\000d\000a\000m\000o\000s\000\040\000n\000\372\000m\000e\000r\000o\000s\000\040\000m\000\341\000s\000\040\000g\000r\000a\000n\000d\000e\000s}{}% 116
\BOOKMARK [2][-]{subsection*.826}{\376\377\000L\000e\000c\000c\000i\000\363\000n\000\040\0001\0008}{section*.822}% 117
\BOOKMARK [3][-]{subsubsection*.829}{\376\377\000C\000a\000l\000e\000n\000t\000a\000m\000i\000e\000n\000t\000o}{subsection*.826}% 118
\BOOKMARK [3][-]{subsubsection*.832}{\376\377\000A\000c\000t\000i\000v\000i\000d\000a\000d\000\040\0001}{subsection*.826}% 119
\BOOKMARK [3][-]{subsubsection*.835}{\376\377\000A\000c\000t\000i\000v\000i\000d\000a\000d\000\040\0002}{subsection*.826}% 120
\BOOKMARK [3][-]{subsubsection*.843}{\376\377\000S\000\355\000n\000t\000e\000s\000i\000s\000\040\000d\000e\000\040\000l\000a\000\040\000l\000e\000c\000c\000i\000\363\000n}{subsection*.826}% 121
\BOOKMARK [3][-]{subsubsection*.844}{\376\377\000A\000c\000t\000i\000v\000i\000d\000a\000d\000\040\000d\000e\000\040\000c\000i\000e\000r\000r\000e}{subsection*.826}% 122
\BOOKMARK [2][-]{subsection*.847}{\376\377\000L\000e\000c\000c\000i\000\363\000n\000\040\0001\0009}{section*.822}% 123
\BOOKMARK [3][-]{subsubsection*.850}{\376\377\000C\000a\000l\000e\000n\000t\000a\000m\000i\000e\000n\000t\000o}{subsection*.847}% 124
\BOOKMARK [3][-]{subsubsection*.857}{\376\377\000A\000c\000t\000i\000v\000i\000d\000a\000d\000\040\0001}{subsection*.847}% 125
\BOOKMARK [3][-]{subsubsection*.876}{\376\377\000A\000c\000t\000i\000v\000i\000d\000a\000d\000\040\0002}{subsection*.847}% 126
\BOOKMARK [3][-]{subsubsection*.893}{\376\377\000S\000\355\000n\000t\000e\000s\000i\000s\000\040\000d\000e\000\040\000l\000a\000\040\000l\000e\000c\000c\000i\000\363\000n}{subsection*.847}% 127
\BOOKMARK [3][-]{subsubsection*.894}{\376\377\000A\000c\000t\000i\000v\000i\000d\000a\000d\000\040\000d\000e\000\040\000c\000i\000e\000r\000r\000e}{subsection*.847}% 128
\BOOKMARK [2][-]{subsection*.897}{\376\377\000L\000e\000c\000c\000i\000\363\000n\000\040\0002\0000}{section*.822}% 129
\BOOKMARK [3][-]{subsubsection*.900}{\376\377\000C\000a\000l\000e\000n\000t\000a\000m\000i\000e\000n\000t\000o}{subsection*.897}% 130
\BOOKMARK [3][-]{subsubsection*.907}{\376\377\000A\000c\000t\000i\000v\000i\000d\000a\000d\000\040\0001}{subsection*.897}% 131
\BOOKMARK [3][-]{subsubsection*.918}{\376\377\000A\000c\000t\000i\000v\000i\000d\000a\000d\000\040\0002}{subsection*.897}% 132
\BOOKMARK [3][-]{subsubsection*.927}{\376\377\000A\000c\000t\000i\000v\000i\000d\000a\000d\000\040\0003}{subsection*.897}% 133
\BOOKMARK [3][-]{subsubsection*.930}{\376\377\000S\000\355\000n\000t\000e\000s\000i\000s\000\040\000d\000e\000\040\000l\000a\000\040\000l\000e\000c\000c\000i\000\363\000n}{subsection*.897}% 134
\BOOKMARK [3][-]{subsubsection*.931}{\376\377\000A\000c\000t\000i\000v\000i\000d\000a\000d\000\040\000d\000e\000\040\000c\000i\000e\000r\000r\000e}{subsection*.897}% 135
\BOOKMAR