\BOOKMARK [1][-]{section*.1}{\376\377\000S\000e\000c\000c\000i\000\363\000n\000\040\000A\000\040\000-\000\040\000\277\000Q\000u\000\351\000\040\000e\000s\000\040\000l\000a\000\040\000d\000i\000v\000i\000s\000i\000\363\000n\000?}{}% 1
\BOOKMARK [2][-]{subsection*.2}{\376\377\000L\000e\000c\000c\000i\000\363\000n\000\040\0001}{section*.1}% 2
\BOOKMARK [2][-]{subsection*.18}{\376\377\000L\000e\000c\000c\000i\000\363\000n\000\040\0002}{section*.1}% 3
\BOOKMARK [2][-]{subsection*.34}{\376\377\000L\000e\000c\000c\000i\000\363\000n\000\040\0003}{section*.1}% 4
\BOOKMARK [2][-]{subsection*.63}{\376\377\000L\000e\000c\000c\000i\000\363\000n\000\040\0004}{section*.1}% 5
\BOOKMARK [2][-]{subsection*.111}{\376\377\000L\000e\000c\000c\000i\000\363\000n\000\040\0005}{section*.1}% 6
\BOOKMARK [2][-]{subsection*.128}{\376\377\000P\000r\000o\000b\000l\000e\000m\000a\000s\000\040\000d\000e\000\040\000p\000r\000\341\000c\000t\000i\000c\000a}{section*.1}% 7
\BOOKMARK [2][-]{subsection*.163}{\376\377\000R\000e\000s\000u\000m\000e\000n\000\040\000s\000e\000c\000c\000i\000\363\000n}{section*.1}% 8
\BOOKMARK [1][-]{section*.172}{\376\377\000S\000e\000c\000c\000i\000\363\000n\000\040\000B\000\040\000-\000\040\000R\000e\000l\000a\000c\000i\000o\000n\000e\000m\000o\000s\000\040\000l\000a\000\040\000m\000u\000l\000t\000i\000p\000l\000i\000c\000a\000c\000i\000\363\000n\000\040\000y\000\040\000l\000a\000\040\000d\000i\000v\000i\000s\000i\000\363\000n}{}% 9
\BOOKMARK [2][-]{subsection*.173}{\376\377\000L\000e\000c\000c\000i\000\363\000n\000\040\0006}{section*.172}% 10
\BOOKMARK [2][-]{subsection*.186}{\376\377\000L\000e\000c\000c\000i\000\363\000n\000\040\0007}{section*.172}% 11
\BOOKMARK [2][-]{subsection*.203}{\376\377\000L\000e\000c\000c\000i\000\363\000n\000\040\0008}{section*.172}% 12
\BOOKMARK [2][-]{subsection*.220}{\376\377\000L\000e\000c\000c\000i\000\363\000n\000\040\0009}{section*.172}% 13
\BOOKMARK [2][-]{subsection*.236}{\376\377\000L\000e\000c\000c\000i\000\363\000n\000\040\0001\0000}{section*.172}% 14
\BOOKMARK [2][-]{subsection*.272}{\376\377\000L\000e\000c\000c\000i\000\363\000n\000\040\0001\0001}{section*.172}% 15
\BOOKMARK [2][-]{subsection*.292}{\376\377\000P\000r\000o\000b\000l\000e\000m\000a\000s\000\040\000d\000e\000\040\000p\000r\000\341\000c\000t\000i\000c\000a}{section*.172}% 16
\BOOKMARK [2][-]{subsection*.301}{\376\377\000R\000e\000s\000u\000m\000e\000n\000\040\000s\000e\000c\000c\000i\000\363\000n}{section*.172}% 17
\BOOKMARK [1][-]{section*.307}{\376\377\000S\000e\000c\000c\000i\000\363\000n\000\040\000C\000\040\000-\000\040\000M\000u\000l\000t\000i\000p\000l\000i\000q\000u\000e\000m\000o\000s\000\040\000n\000\372\000m\000e\000r\000o\000s\000\040\000m\000\341\000s\000\040\000g\000r\000a\000n\000d\000e\000s}{}% 18
\BOOKMARK [2][-]{subsection*.308}{\376\377\000L\000e\000c\000c\000i\000\363\000n\000\040\0001\0002}{section*.307}% 19
\BOOKMARK [2][-]{subsection*.329}{\376\377\000L\000e\000c\000c\000i\000\363\000n\000\040\0001\0003}{section*.307}% 20
\BOOKMARK [2][-]{subsection*.343}{\376\377\000L\000e\000c\000c\000i\000\363\000n\000\040\0001\0004}{section*.307}% 21
\BOOKMARK [2][-]{subsection*.367}{\376\377\000L\000e\000c\000c\000i\000\363\000n\000\040\0001\0005}{section*.307}% 22
\BOOKMARK [2][-]{subsection*.384}{\376\377\000L\000e\000c\000c\000i\000\363\000n\000\040\0001\0006}{section*.307}% 23
\BOOKMARK [2][-]{subsection*.426}{\376\377\000L\000e\000c\000c\000i\000\363\000n\000\040\0001\0007}{section*.307}% 24
\BOOKMARK [2][-]{subsection*.446}{\376\377\000P\000r\000o\000b\000l\000e\000m\000a\000s\000\040\000d\000e\000\040\000p\000r\000\341\000c\000t\000i\000c\000a}{section*.307}% 25
\BOOKMARK [2][-]{subsection*.467}{\376\377\000R\000e\000s\000u\000m\000e\000n\000\040\000s\000e\000c\000c\000i\000\363\000n}{section*.307}% 26
\BOOKMARK [1][-]{section*.474}{\376\377\000S\000e\000c\000c\000i\000\363\000n\000\040\000D\000\040\000-\000\040\000D\000i\000v\000i\000d\000a\000m\000o\000s\000\040\000n\000\372\000m\000e\000r\000o\000s\000\040\000m\000\341\000s\000\040\000g\000r\000a\000n\000d\000e\000s}{}% 27
\BOOKMARK [2][-]{subsection*.475}{\376\377\000L\000e\000c\000c\000i\000\363\000n\000\040\0001\0008}{section*.474}% 28
\BOOKMARK [2][-]{subsection*.487}{\376\377\000L\000e\000c\000c\000i\000\363\000n\000\040\0001\0009}{section*.474}% 29
\BOOKMARK [2][-]{subsection*.516}{\376\377\000L\000e\000c\000c\000i\000\363\000n\000\040\0002\0000}{section*.474}% 30
\BOOKMARK [2][-]{subsection*.539}{\376\377\000L\000e\000c\000c\000i\000\363\000n\000\040\0002\0001}{section*.474}% 31
\BOOKMARK [2][-]{subsection*.563}{\376\377\000L\000e\000c\000c\000i\000\363\000n\000\040\0002\0002}{section*.474}% 32
\BOOKMARK [2][-]{subsection*.594}{\376\377\000P\000r\000o\000b\000l\000e\000m\000a\000s\000\040\000d\000e\000\040\000p\000r\000\341\000c\000t\000i\000c\000a}{section*.474}% 33
\BOOKMARK [2][-]{subsection*.607}{\376\377\000R\000e\000s\000u\000m\000e\000n\000\040\000s\000e\000c\000c\000i\000\363\000n}{section*.474}% 34
\BOOKMARK [1][-]{section*.608}{\376\377\000G\000l\000o\000s\000a\000r\000i\000o}{}% 35
\BOOKMARK [2][-]{subsection*.609}{\376\377\000G\000l\000o\000s\000a\000r\000i\000o\000\040\000u\000n\000i\000d\000a\000d\000\040\0003\000-\0004}{section*.608}% 36
\BOOKMARK [1][-]{section*.610}{\376\377\000A\000t\000r\000i\000b\000u\000c\000i\000o\000n\000e\000s\000\040\000d\000e\000\040\000i\000m\000\341\000g\000e\000n\000e\000s}{}% 37
