\BOOKMARK [1][-]{section.1}{}{}% 1
\BOOKMARK [2][-]{subsection.2}{}{section.1}% 2
\BOOKMARK [3][-]{section*.3}{\376\377\000A\000c\000t\000i\000v\000i\000d\000a\000d\000\040\000d\000e\000\040\000c\000i\000e\000r\000r\000e}{subsection.2}% 3
\BOOKMARK [2][-]{subsection.6}{}{section.1}% 4
\BOOKMARK [3][-]{section*.7}{\376\377\000A\000c\000t\000i\000v\000i\000d\000a\000d\000\040\000d\000e\000\040\000c\000i\000e\000r\000r\000e}{subsection.6}% 5
\BOOKMARK [2][-]{subsection.10}{}{section.1}% 6
\BOOKMARK [3][-]{section*.11}{\376\377\000A\000c\000t\000i\000v\000i\000d\000a\000d\000\040\000d\000e\000\040\000c\000i\000e\000r\000r\000e}{subsection.10}% 7
\BOOKMARK [2][-]{subsection.16}{}{section.1}% 8
\BOOKMARK [3][-]{section*.17}{\376\377\000A\000c\000t\000i\000v\000i\000d\000a\000d\000\040\000d\000e\000\040\000c\000i\000e\000r\000r\000e}{subsection.16}% 9
\BOOKMARK [2][-]{subsection.28}{}{section.1}% 10
\BOOKMARK [3][-]{subsubsection*.29}{\376\377\000A\000c\000t\000i\000v\000i\000d\000a\000d\000\040\0001}{subsection.28}% 11
\BOOKMARK [3][-]{subsubsection*.40}{\376\377\000A\000c\000t\000i\000v\000i\000d\000a\000d\000\040\000d\000e\000\040\000c\000i\000e\000r\000r\000e}{subsection.28}% 12
\BOOKMARK [1][-]{section.79}{}{}% 13
\BOOKMARK [2][-]{subsection.80}{}{section.79}% 14
\BOOKMARK [3][-]{subsubsection*.81}{\376\377\000A\000c\000t\000i\000v\000i\000d\000a\000d\000\040\0002}{subsection.80}% 15
\BOOKMARK [3][-]{subsubsection*.84}{\376\377\000A\000c\000t\000i\000v\000i\000d\000a\000d\000\040\000d\000e\000\040\000c\000i\000e\000r\000r\000e}{subsection.80}% 16
\BOOKMARK [2][-]{subsection.89}{}{section.79}% 17
\BOOKMARK [3][-]{subsubsection*.90}{\376\377\000A\000c\000t\000i\000v\000i\000d\000a\000d\000\040\0001}{subsection.89}% 18
\BOOKMARK [3][-]{subsubsection*.97}{\376\377\000A\000c\000t\000i\000v\000i\000d\000a\000d\000\040\0002}{subsection.89}% 19
\BOOKMARK [3][-]{subsubsection*.112}{\376\377\000A\000c\000t\000i\000v\000i\000d\000a\000d\000\040\000d\000e\000\040\000c\000i\000e\000r\000r\000e}{subsection.89}% 20
\BOOKMARK [2][-]{subsection.115}{}{section.79}% 21
\BOOKMARK [3][-]{subsubsection*.116}{\376\377\000A\000c\000t\000i\000v\000i\000d\000a\000d\000\040\0001}{subsection.115}% 22
\BOOKMARK [3][-]{subsubsection*.124}{\376\377\000A\000c\000t\000i\000v\000i\000d\000a\000d\000\040\0002}{subsection.115}% 23
\BOOKMARK [3][-]{subsubsection*.131}{\376\377\000A\000c\000t\000i\000v\000i\000d\000a\000d\000\040\000d\000e\000\040\000c\000i\000e\000r\000r\000e}{subsection.115}% 24
\BOOKMARK [2][-]{subsection.134}{}{section.79}% 25
\BOOKMARK [3][-]{subsubsection*.135}{\376\377\000A\000c\000t\000i\000v\000i\000d\000a\000d\000\040\0001}{subsection.134}% 26
\BOOKMARK [3][-]{subsubsection*.143}{\376\377\000A\000c\000t\000i\000v\000i\000d\000a\000d\000\040\0002}{subsection.134}% 27
\BOOKMARK [3][-]{subsubsection*.148}{\376\377\000A\000c\000t\000i\000v\000i\000d\000a\000d\000\040\000d\000e\000\040\000c\000i\000e\000r\000r\000e}{subsection.134}% 28
\BOOKMARK [2][-]{subsection.151}{}{section.79}% 29
\BOOKMARK [3][-]{subsubsection*.152}{\376\377\000A\000c\000t\000i\000v\000i\000d\000a\000d\000\040\0001}{subsection.151}% 30
\BOOKMARK [3][-]{subsubsection*.157}{\376\377\000A\000c\000t\000i\000v\000i\000d\000a\000d\000\040\0002}{subsection.151}% 31
\BOOKMARK [3][-]{subsubsection*.165}{\376\377\000A\000c\000t\000i\000v\000i\000d\000a\000d\000\040\000d\000e\000\040\000c\000i\000e\000r\000r\000e}{subsection.151}% 32
\BOOKMARK [2][-]{subsection.172}{}{section.79}% 33
\BOOKMARK [3][-]{subsubsection*.173}{\376\377\000A\000c\000t\000i\000v\000i\000d\000a\000d\000\040\0001}{subsection.172}% 34
\BOOKMARK [3][-]{subsubsection*.179}{\376\377\000A\000c\000t\000i\000v\000i\000d\000a\000d\000\040\0002}{subsection.172}% 35
\BOOKMARK [3][-]{subsubsection*.182}{\376\377\000A\000c\000t\000i\000v\000i\000d\000a\000d\000\040\000d\000e\000\040\000c\000i\000e\000r\000r\000e}{subsection.172}% 36
\BOOKMARK [1][-]{section.197}{}{}% 37
\BOOKMARK [2][-]{subsection.198}{}{section.197}% 38
\BOOKMARK [3][-]{subsubsection*.199}{\376\377\000A\000c\000t\000i\000v\000i\000d\000a\000d\000\040\0001}{subsection.198}% 39
\BOOKMARK [3][-]{subsubsection*.207}{\376\377\000A\000c\000t\000i\000v\000i\000d\000a\000d\000\040\000d\000e\000\040\000c\000i\000e\000r\000r\000e}{subsection.198}% 40
\BOOKMARK [2][-]{subsection.210}{}{section.197}% 41
\BOOKMARK [3][-]{subsubsection*.211}{\376\377\000A\000c\000t\000i\000v\000i\000d\000a\000d\000\040\000d\000e\000\040\000c\000i\000e\000r\000r\000e}{subsection.210}% 42
\BOOKMARK [2][-]{subsection.214}{}{section.197}% 43
\BOOKMARK [3][-]{section*.215}{\376\377\000A\000c\000t\000i\000v\000i\000d\000a\000d\000\040\000d\000e\000\040\000c\000i\000e\000r\000r\000e}{subsection.214}% 44
\BOOKMARK [2][-]{subsection.220}{}{section.197}% 45
\BOOKMARK [3][-]{section*.221}{\376\377\000A\000c\000t\000i\000v\000i\000d\000a\000d\000\040\000d\000e\000\040\000c\000i\000e\000r\000r\000e}{subsection.220}% 46
\BOOKMARK [2][-]{subsection.224}{}{section.197}% 47
\BOOKMARK [3][-]{subsubsection*.225}{\376\377\000A\000c\000t\000i\000v\000i\000d\000a\000d\000\040\0003}{subsection.224}% 48
\BOOKMARK [3][-]{subsubsection*.245}{\376\377\000A\000c\000t\000i\000v\000i\000d\000a\000d\000\040\000d\000e\000\040\000c\000i\000e\000r\000r\000e}{subsection.224}% 49
\BOOKMARK [2][-]{subsection.248}{}{section.197}% 50
\BOOKMARK [3][-]{section*.249}{\376\377\000A\000c\000t\000i\000v\000i\000d\000a\000d\000\040\000d\000e\000\040\000c\000i\000e\000r\000r\000e}{subsection.248}% 51
\BOOKMARK [1][-]{section.274}{}{}% 52
\BOOKMARK [2][-]{subsection.275}{}{section.274}% 53
\BOOKMARK [3][-]{section*.276}{\376\377\000A\000c\000t\000i\000v\000i\000d\000a\000d\000\040\000d\000e\000\040\000c\000i\000e\000r\000r\000e}{subsection.275}% 54
\BOOKMARK [2][-]{subsection.279}{}{section.274}% 55
\BOOKMARK [3][-]{section*.280}{\376\377\000A\000c\000t\000i\000v\000i\000d\000a\000d\000\040\000d\000e\000\040\000c\000i\000e\000r\000r\000e}{subsection.279}% 56
\BOOKMARK [2][-]{subsection.283}{}{section.274}% 57
\BOOKMARK [3][-]{subsubsection*.284}{\376\377\000A\000c\000t\000i\000v\000i\000d\000a\000d\000\040\0003}{subsection.283}% 58
\BOOKMARK [3][-]{subsubsection*.291}{\376\377\000A\000c\000t\000i\000v\000i\000d\000a\000d\000\040\000d\000e\000\040\000c\000i\000e\000r\000r\000e}{subsection.283}% 59
\BOOKMARK [2][-]{subsection.294}{}{section.274}% 60
\BOOKMARK [3][-]{subsubsection*.295}{\376\377\000A\000c\000t\000i\000v\000i\000d\000a\000d\000\040\0001}{subsection.294}% 61
\BOOKMARK [3][-]{subsubsection*.300}{\376\377\000A\000c\000t\000i\000v\000i\000d\000a\000d\000\040\000d\000e\000\040\000c\000i\000e\000r\000r\000e}{subsection.294}% 62
\BOOKMARK [2][-]{subsection.305}{}{section.274}% 63
\BOOKMARK [1][-]{section.318}{\376\377\000A\000t\000r\000i\000b\000u\000c\000i\000o\000n\000e\000s\000\040\000d\000e\000\040\000i\000m\000\341\000g\000e\000n\000e\000s}{}% 64
