\BOOKMARK [2][-]{subsection.1}{}{}% 1
\BOOKMARK [3][-]{section*.2}{\376\377\000A\000c\000t\000i\000v\000i\000d\000a\000d\000\040\000d\000e\000\040\000c\000i\000e\000r\000r\000e}{subsection.1}% 2
\BOOKMARK [2][-]{subsection.5}{}{}% 3
\BOOKMARK [3][-]{section*.6}{\376\377\000A\000c\000t\000i\000v\000i\000d\000a\000d\000\040\000d\000e\000\040\000c\000i\000e\000r\000r\000e}{subsection.5}% 4
\BOOKMARK [2][-]{subsection.9}{}{}% 5
\BOOKMARK [3][-]{section*.10}{\376\377\000A\000c\000t\000i\000v\000i\000d\000a\000d\000\040\000d\000e\000\040\000c\000i\000e\000r\000r\000e}{subsection.9}% 6
\BOOKMARK [2][-]{subsection.15}{}{}% 7
\BOOKMARK [3][-]{section*.16}{\376\377\000A\000c\000t\000i\000v\000i\000d\000a\000d\000\040\000d\000e\000\040\000c\000i\000e\000r\000r\000e}{subsection.15}% 8
\BOOKMARK [2][-]{subsection.27}{}{}% 9
\BOOKMARK [3][-]{subsubsection*.28}{\376\377\000A\000c\000t\000i\000v\000i\000d\000a\000d\000\040\0001}{subsection.27}% 10
\BOOKMARK [3][-]{subsubsection*.39}{\376\377\000A\000c\000t\000i\000v\000i\000d\000a\000d\000\040\000d\000e\000\040\000c\000i\000e\000r\000r\000e}{subsection.27}% 11
\BOOKMARK [2][-]{subsection.78}{}{}% 12
\BOOKMARK [3][-]{subsubsection*.79}{\376\377\000A\000c\000t\000i\000v\000i\000d\000a\000d\000\040\0002}{subsection.78}% 13
\BOOKMARK [3][-]{subsubsection*.82}{\376\377\000A\000c\000t\000i\000v\000i\000d\000a\000d\000\040\000d\000e\000\040\000c\000i\000e\000r\000r\000e}{subsection.78}% 14
\BOOKMARK [2][-]{subsection.87}{}{}% 15
\BOOKMARK [3][-]{subsubsection*.88}{\376\377\000A\000c\000t\000i\000v\000i\000d\000a\000d\000\040\0001}{subsection.87}% 16
\BOOKMARK [3][-]{subsubsection*.95}{\376\377\000A\000c\000t\000i\000v\000i\000d\000a\000d\000\040\0002}{subsection.87}% 17
\BOOKMARK [3][-]{subsubsection*.110}{\376\377\000A\000c\000t\000i\000v\000i\000d\000a\000d\000\040\000d\000e\000\040\000c\000i\000e\000r\000r\000e}{subsection.87}% 18
\BOOKMARK [2][-]{subsection.113}{}{}% 19
\BOOKMARK [3][-]{subsubsection*.114}{\376\377\000A\000c\000t\000i\000v\000i\000d\000a\000d\000\040\0001}{subsection.113}% 20
\BOOKMARK [3][-]{subsubsection*.122}{\376\377\000A\000c\000t\000i\000v\000i\000d\000a\000d\000\040\0002}{subsection.113}% 21
\BOOKMARK [3][-]{subsubsection*.129}{\376\377\000A\000c\000t\000i\000v\000i\000d\000a\000d\000\040\000d\000e\000\040\000c\000i\000e\000r\000r\000e}{subsection.113}% 22
\BOOKMARK [2][-]{subsection.132}{}{}% 23
\BOOKMARK [3][-]{subsubsection*.133}{\376\377\000A\000c\000t\000i\000v\000i\000d\000a\000d\000\040\0001}{subsection.132}% 24
\BOOKMARK [3][-]{subsubsection*.141}{\376\377\000A\000c\000t\000i\000v\000i\000d\000a\000d\000\040\0002}{subsection.132}% 25
\BOOKMARK [3][-]{subsubsection*.146}{\376\377\000A\000c\000t\000i\000v\000i\000d\000a\000d\000\040\000d\000e\000\040\000c\000i\000e\000r\000r\000e}{subsection.132}% 26
\BOOKMARK [2][-]{subsection.149}{}{}% 27
\BOOKMARK [3][-]{subsubsection*.150}{\376\377\000A\000c\000t\000i\000v\000i\000d\000a\000d\000\040\0001}{subsection.149}% 28
\BOOKMARK [3][-]{subsubsection*.155}{\376\377\000A\000c\000t\000i\000v\000i\000d\000a\000d\000\040\0002}{subsection.149}% 29
\BOOKMARK [3][-]{subsubsection*.163}{\376\377\000A\000c\000t\000i\000v\000i\000d\000a\000d\000\040\000d\000e\000\040\000c\000i\000e\000r\000r\000e}{subsection.149}% 30
\BOOKMARK [2][-]{subsection.170}{}{}% 31
\BOOKMARK [3][-]{subsubsection*.171}{\376\377\000A\000c\000t\000i\000v\000i\000d\000a\000d\000\040\0001}{subsection.170}% 32
\BOOKMARK [3][-]{subsubsection*.177}{\376\377\000A\000c\000t\000i\000v\000i\000d\000a\000d\000\040\0002}{subsection.170}% 33
\BOOKMARK [3][-]{subsubsection*.180}{\376\377\000A\000c\000t\000i\000v\000i\000d\000a\000d\000\040\000d\000e\000\040\000c\000i\000e\000r\000r\000e}{subsection.170}% 34
\BOOKMARK [2][-]{subsection.195}{}{}% 35
\BOOKMARK [3][-]{subsubsection*.196}{\376\377\000A\000c\000t\000i\000v\000i\000d\000a\000d\000\040\0001}{subsection.195}% 36
\BOOKMARK [3][-]{subsubsection*.204}{\376\377\000A\000c\000t\000i\000v\000i\000d\000a\000d\000\040\000d\000e\000\040\000c\000i\000e\000r\000r\000e}{subsection.195}% 37
\BOOKMARK [2][-]{subsection.207}{}{}% 38
\BOOKMARK [3][-]{subsubsection*.208}{\376\377\000A\000c\000t\000i\000v\000i\000d\000a\000d\000\040\000d\000e\000\040\000c\000i\000e\000r\000r\000e}{subsection.207}% 39
\BOOKMARK [2][-]{subsection.211}{}{}% 40
\BOOKMARK [3][-]{section*.212}{\376\377\000A\000c\000t\000i\000v\000i\000d\000a\000d\000\040\000d\000e\000\040\000c\000i\000e\000r\000r\000e}{subsection.211}% 41
\BOOKMARK [2][-]{subsection.217}{}{}% 42
\BOOKMARK [3][-]{section*.218}{\376\377\000A\000c\000t\000i\000v\000i\000d\000a\000d\000\040\000d\000e\000\040\000c\000i\000e\000r\000r\000e}{subsection.217}% 43
\BOOKMARK [2][-]{subsection.221}{}{}% 44
\BOOKMARK [3][-]{subsubsection*.222}{\376\377\000A\000c\000t\000i\000v\000i\000d\000a\000d\000\040\0003}{subsection.221}% 45
\BOOKMARK [3][-]{subsubsection*.237}{\376\377\000A\000c\000t\000i\000v\000i\000d\000a\000d\000\040\000d\000e\000\040\000c\000i\000e\000r\000r\000e}{subsection.221}% 46
\BOOKMARK [2][-]{subsection.240}{}{}% 47
\BOOKMARK [3][-]{section*.241}{\376\377\000A\000c\000t\000i\000v\000i\000d\000a\000d\000\040\000d\000e\000\040\000c\000i\000e\000r\000r\000e}{subsection.240}% 48
\BOOKMARK [2][-]{subsection.266}{}{}% 49
\BOOKMARK [3][-]{section*.267}{\376\377\000A\000c\000t\000i\000v\000i\000d\000a\000d\000\040\000d\000e\000\040\000c\000i\000e\000r\000r\000e}{subsection.266}% 50
\BOOKMARK [2][-]{subsection.270}{}{}% 51
\BOOKMARK [3][-]{section*.271}{\376\377\000A\000c\000t\000i\000v\000i\000d\000a\000d\000\040\000d\000e\000\040\000c\000i\000e\000r\000r\000e}{subsection.270}% 52
\BOOKMARK [2][-]{subsection.274}{}{}% 53
\BOOKMARK [3][-]{subsubsection*.275}{\376\377\000A\000c\000t\000i\000v\000i\000d\000a\000d\000\040\0003}{subsection.274}% 54
\BOOKMARK [3][-]{subsubsection*.278}{\376\377\000A\000c\000t\000i\000v\000i\000d\000a\000d\000\040\000d\000e\000\040\000c\000i\000e\000r\000r\000e}{subsection.274}% 55
\BOOKMARK [2][-]{subsection.281}{}{}% 56
\BOOKMARK [3][-]{subsubsection*.282}{\376\377\000A\000c\000t\000i\000v\000i\000d\000a\000d\000\040\0001}{subsection.281}% 57
\BOOKMARK [3][-]{subsubsection*.287}{\376\377\000A\000c\000t\000i\000v\000i\000d\000a\000d\000\040\000d\000e\000\040\000c\000i\000e\000r\000r\000e}{subsection.281}% 58
\BOOKMARK [2][-]{subsection.292}{}{}% 59
\BOOKMARK [1][-]{section.305}{\376\377\000A\000t\000r\000i\000b\000u\000c\000i\000o\000n\000e\000s\000\040\000d\000e\000\040\000i\000m\000\341\000g\000e\000n\000e\000s}{}% 60
