INFO    : PreTeXt-CLI version: 2.4.0

INFO    : PreTeXt project found in `/Users/enriqueacosta/Documents/IllustrativeMath-GrupoLEMA`.
WARNING : Using CLI version 2.4.0 but project's `requirements.txt`
WARNING : is configured to use 2.3.6. Consider either installing
WARNING : CLI version 2.3.6 or running `pretext init --refresh`
WARNING : to update `requirements.txt` to match 2.4.0.
WARNING : Destroying directory /Users/enriqueacosta/Documents/IllustrativeMath-GrupoLEMA/output/web-prof/gra0-uni1 to clean previously built files.
INFO    : Preparing to build into /Users/enriqueacosta/Documents/IllustrativeMath-GrupoLEMA/output/web-prof/gra0-uni1.
INFO    : discovering source file's directory name: /Users/enriqueacosta/Documents/IllustrativeMath-GrupoLEMA/source/gra0-uni1
INFO    : verifying and expanding input directory: /Users/enriqueacosta/Documents/IllustrativeMath-GrupoLEMA/source/gra0-uni1/../generated-assets
INFO    : input directory expanded to absolute path: /Users/enriqueacosta/Documents/IllustrativeMath-GrupoLEMA/source/generated-assets
INFO    : verifying and expanding input directory: /Users/enriqueacosta/Documents/IllustrativeMath-GrupoLEMA/source/gra0-uni1/../assets
INFO    : input directory expanded to absolute path: /Users/enriqueacosta/Documents/IllustrativeMath-GrupoLEMA/source/assets
INFO    : Runestone Services (via PreTeXt repository): version 7.2.15
INFO    : Runestone Services (using newer, via online CDN query): version 7.4.7
INFO    : converting /Users/enriqueacosta/Documents/IllustrativeMath-GrupoLEMA/source/gra0-uni1/gra0-uni1.ptx to HTML in /var/folders/b3/dcqdqcz54f9b9pqrbwv35_gh0000gn/T/ptx-c1fvs2gq
INFO    : XSL conversion of /Users/enriqueacosta/Documents/IllustrativeMath-GrupoLEMA/source/gra0-uni1/gra0-uni1.ptx by /Users/enriqueacosta/.ptx/xsl/pretext-html.xsl
INFO    : messages from the log for XSL processing (indented):
INFO    :     * PTX:ERROR: the @xml:id value "lec-busquemosGruposMasPequenos" should be unique, but is authored 2 times.
INFO    :     *            Results will be unpredictable, and likely incorrect.  Information on the locations follows:
INFO    :     *              located within: "lec-busquemosGruposMasPequenos" (xml:id), "Lección 6 -" (title)
INFO    :     *              located within: "lec-busquemosGruposMasPequenos" (xml:id), "Lección 6 -" (title)
INFO    :     * PTX:ERROR: the @xml:id value "lec-busquemosGruposMasPequenos-warm" should be unique, but is authored 2 times.
INFO    :     *            Results will be unpredictable, and likely incorrect.  Information on the locations follows:
INFO    :     *              located within: "lec-busquemosGruposMasPequenos-warm" (xml:id), "Calentamiento" (title)
INFO    :     *              located within: "lec-busquemosGruposMasPequenos-warm" (xml:id), "Calentamiento" (title)
INFO    :     * PTX:ERROR: the @xml:id value "warm-actuemoslo-intro" should be unique, but is authored 2 times.
INFO    :     *            Results will be unpredictable, and likely incorrect.  Information on the locations follows:
INFO    :     *              located within: "warm-actuemoslo-intro" (xml:id), "Actuémoslo: Introducción" (title)
INFO    :     *              located within: "warm-actuemoslo-intro" (xml:id), "Actuémoslo: Introducción" (title)
INFO    :     * PTX:ERROR: the @xml:id value "lec-busquemosGruposMasPequenos-act1" should be unique, but is authored 2 times.
INFO    :     *            Results will be unpredictable, and likely incorrect.  Information on the locations follows:
INFO    :     *              located within: "lec-busquemosGruposMasPequenos-act1" (xml:id), "Actividad 1" (title)
INFO    :     *              located within: "lec-busquemosGruposMasPequenos-act1" (xml:id), "Actividad 1" (title)
INFO    :     * PTX:ERROR: the @xml:id value "act-cuantosVes-intro" should be unique, but is authored 2 times.
INFO    :     *            Results will be unpredictable, and likely incorrect.  Information on the locations follows:
INFO    :     *              located within: "act-cuantosVes-intro" (xml:id), "Cuántos ves: Introducción" (title)
INFO    :     *              located within: "act-cuantosVes-intro" (xml:id), "Cuántos ves: Introducción" (title)
INFO    :     * PTX:ERROR: the @xml:id value "lec-busquemosGruposMasPequenos-act2" should be unique, but is authored 2 times.
INFO    :     *            Results will be unpredictable, and likely incorrect.  Information on the locations follows:
INFO    :     *              located within: "lec-busquemosGruposMasPequenos-act2" (xml:id), "Actividad 2" (title)
INFO    :     *              located within: "lec-busquemosGruposMasPequenos-act2" (xml:id), "Actividad 2" (title)
INFO    :     * PTX:ERROR: the @xml:id value "act-conozcamos-librosDeImagenes-explora" should be unique, but is authored 2 times.
INFO    :     *            Results will be unpredictable, and likely incorrect.  Information on the locations follows:
INFO    :     *              located within: "act-conozcamos-librosDeImagenes-explora" (xml:id), "Conozcamos “Libros de imágenes: Explora”" (title)
INFO    :     *              located within: "act-conozcamos-librosDeImagenes-explora" (xml:id), "Conozcamos “Libros de imágenes: Explora”" (title)
INFO    :     * PTX:ERROR: the @xml:id value "lec-busquemosGruposMasPequenos-act3" should be unique, but is authored 2 times.
INFO    :     *            Results will be unpredictable, and likely incorrect.  Information on the locations follows:
INFO    :     *              located within: "lec-busquemosGruposMasPequenos-act3" (xml:id), "Actividad 3" (title)
INFO    :     *              located within: "lec-busquemosGruposMasPequenos-act3" (xml:id), "Actividad 3" (title)
INFO    :     * PTX:ERROR: the @xml:id value "act-centros-escoger2" should be unique, but is authored 2 times.
INFO    :     *            Results will be unpredictable, and likely incorrect.  Information on the locations follows:
INFO    :     *              located within: "act-centros-escoger2" (xml:id), "Centros: Momento de escoger" (title)
INFO    :     *              located within: "act-centros-escoger2" (xml:id), "Centros: Momento de escoger" (title)
INFO    :     * PTX:ERROR: the @xml:id value "lec-busquemosGruposMasPequenos-sintesis" should be unique, but is authored 2 times.
INFO    :     *            Results will be unpredictable, and likely incorrect.  Information on the locations follows:
INFO    :     *              located within: "lec-busquemosGruposMasPequenos-sintesis" (xml:id), "Síntesis de la lección" (title)
INFO    :     *              located within: "lec-busquemosGruposMasPequenos-sintesis" (xml:id), "Síntesis de la lección" (title)
INFO    : successful application of /Users/enriqueacosta/.ptx/xsl/pretext-html.xsl
INFO    : 
Success! Run `pretext view` to see the results.

