INFO    : PreTeXt-CLI version: 2.4.0

INFO    : PreTeXt project found in `/Users/enriqueacosta/Documents/IllustrativeMath-GrupoLEMA`.
WARNING : Using CLI version 2.4.0 but project's `requirements.txt`
WARNING : is configured to use 2.3.6. Consider either installing
WARNING : CLI version 2.3.6 or running `pretext init --refresh`
WARNING : to update `requirements.txt` to match 2.4.0.
WARNING : Destroying directory /Users/enriqueacosta/Documents/IllustrativeMath-GrupoLEMA/output/web-prof/gra3-uni4 to clean previously built files.
INFO    : Preparing to build into /Users/enriqueacosta/Documents/IllustrativeMath-GrupoLEMA/output/web-prof/gra3-uni4.
INFO    : discovering source file's directory name: /Users/enriqueacosta/Documents/IllustrativeMath-GrupoLEMA/source/gra3-uni4
INFO    : verifying and expanding input directory: /Users/enriqueacosta/Documents/IllustrativeMath-GrupoLEMA/source/gra3-uni4/../generated-assets
INFO    : input directory expanded to absolute path: /Users/enriqueacosta/Documents/IllustrativeMath-GrupoLEMA/source/generated-assets
INFO    : verifying and expanding input directory: /Users/enriqueacosta/Documents/IllustrativeMath-GrupoLEMA/source/gra3-uni4/../assets
INFO    : input directory expanded to absolute path: /Users/enriqueacosta/Documents/IllustrativeMath-GrupoLEMA/source/assets
INFO    : Runestone Services (via PreTeXt repository): version 7.2.15
INFO    : Runestone Services (using newer, via online CDN query): version 7.4.4
INFO    : converting /Users/enriqueacosta/Documents/IllustrativeMath-GrupoLEMA/source/gra3-uni4/gra3-uni4.ptx to HTML in /var/folders/b3/dcqdqcz54f9b9pqrbwv35_gh0000gn/T/ptx-0b61a51l
INFO    : XSL conversion of /Users/enriqueacosta/Documents/IllustrativeMath-GrupoLEMA/source/gra3-uni4/gra3-uni4.ptx by /Users/enriqueacosta/.ptx/xsl/pretext-html.xsl
INFO    : messages from the log for XSL processing (indented):
INFO    :     * PTX:ERROR:   a cross-reference ("xref") uses references [] that do not point to any target, or perhaps point to multiple targets.  Maybe you typed an @xml:id value wrong, maybe the target of the @xml:id is nonexistent, or maybe you temporarily removed the target from your source, or maybe an auxiliary file contains a duplicate.  Your output will contain some placeholder text that you will not want to distribute to your readers.
INFO    :     *              located within: "gra3-uni4-secD-lec22" (xml:id), "La huerta comunitaria de la escuela" (title)
INFO    :     * PTX:ERROR:   a cross-reference ("xref") uses references [] that do not point to any target, or perhaps point to multiple targets.  Maybe you typed an @xml:id value wrong, maybe the target of the @xml:id is nonexistent, or maybe you temporarily removed the target from your source, or maybe an auxiliary file contains a duplicate.  Your output will contain some placeholder text that you will not want to distribute to your readers.
INFO    :     *              located within: "gra3-uni4-secD-lec22" (xml:id), "La huerta comunitaria de la escuela" (title)
INFO    :     * PTX:ERROR:   a cross-reference ("xref") uses references [] that do not point to any target, or perhaps point to multiple targets.  Maybe you typed an @xml:id value wrong, maybe the target of the @xml:id is nonexistent, or maybe you temporarily removed the target from your source, or maybe an auxiliary file contains a duplicate.  Your output will contain some placeholder text that you will not want to distribute to your readers.
INFO    :     *              located within: "gra3-uni4-secD-lec22" (xml:id), "La huerta comunitaria de la escuela" (title)
INFO    :     * PTX:ERROR:   a cross-reference ("xref") uses references [] that do not point to any target, or perhaps point to multiple targets.  Maybe you typed an @xml:id value wrong, maybe the target of the @xml:id is nonexistent, or maybe you temporarily removed the target from your source, or maybe an auxiliary file contains a duplicate.  Your output will contain some placeholder text that you will not want to distribute to your readers.
INFO    :     *              located within: "gra3-uni4-secD-lec22" (xml:id), "La huerta comunitaria de la escuela" (title)
INFO    :     * PTX:ERROR:   a cross-reference ("xref") uses references [] that do not point to any target, or perhaps point to multiple targets.  Maybe you typed an @xml:id value wrong, maybe the target of the @xml:id is nonexistent, or maybe you temporarily removed the target from your source, or maybe an auxiliary file contains a duplicate.  Your output will contain some placeholder text that you will not want to distribute to your readers.
INFO    :     *              located within: "gra3-uni4-secD-lec22" (xml:id), "La huerta comunitaria de la escuela" (title)
INFO    :     * PTX:ERROR:   a cross-reference ("xref") uses references [] that do not point to any target, or perhaps point to multiple targets.  Maybe you typed an @xml:id value wrong, maybe the target of the @xml:id is nonexistent, or maybe you temporarily removed the target from your source, or maybe an auxiliary file contains a duplicate.  Your output will contain some placeholder text that you will not want to distribute to your readers.
INFO    :     *              located within: "gra3-uni4-secD-lec22" (xml:id), "La huerta comunitaria de la escuela" (title)
INFO    :     * PTX:ERROR:   a cross-reference ("xref") uses references [] that do not point to any target, or perhaps point to multiple targets.  Maybe you typed an @xml:id value wrong, maybe the target of the @xml:id is nonexistent, or maybe you temporarily removed the target from your source, or maybe an auxiliary file contains a duplicate.  Your output will contain some placeholder text that you will not want to distribute to your readers.
INFO    :     *              located within: "gra3-uni4-secD-lec22" (xml:id), "La huerta comunitaria de la escuela" (title)
INFO    :     * PTX:ERROR:   a cross-reference ("xref") uses references [] that do not point to any target, or perhaps point to multiple targets.  Maybe you typed an @xml:id value wrong, maybe the target of the @xml:id is nonexistent, or maybe you temporarily removed the target from your source, or maybe an auxiliary file contains a duplicate.  Your output will contain some placeholder text that you will not want to distribute to your readers.
INFO    :     *              located within: "gra3-uni4-secD-lec22" (xml:id), "La huerta comunitaria de la escuela" (title)
INFO    :     * PTX:ERROR:   a cross-reference ("xref") uses references [] that do not point to any target, or perhaps point to multiple targets.  Maybe you typed an @xml:id value wrong, maybe the target of the @xml:id is nonexistent, or maybe you temporarily removed the target from your source, or maybe an auxiliary file contains a duplicate.  Your output will contain some placeholder text that you will not want to distribute to your readers.
INFO    :     *              located within: "gra3-uni4-secD-lec22" (xml:id), "La huerta comunitaria de la escuela" (title)
INFO    :     * PTX:ERROR:   a cross-reference ("xref") uses references [] that do not point to any target, or perhaps point to multiple targets.  Maybe you typed an @xml:id value wrong, maybe the target of the @xml:id is nonexistent, or maybe you temporarily removed the target from your source, or maybe an auxiliary file contains a duplicate.  Your output will contain some placeholder text that you will not want to distribute to your readers.
INFO    :     *              located within: "gra3-uni4-secD-lec22" (xml:id), "La huerta comunitaria de la escuela" (title)
INFO    :     * PTX:ERROR:   a cross-reference ("xref") uses references [] that do not point to any target, or perhaps point to multiple targets.  Maybe you typed an @xml:id value wrong, maybe the target of the @xml:id is nonexistent, or maybe you temporarily removed the target from your source, or maybe an auxiliary file contains a duplicate.  Your output will contain some placeholder text that you will not want to distribute to your readers.
INFO    :     *              located within: "gra3-uni4-secD-lec22" (xml:id), "La huerta comunitaria de la escuela" (title)
INFO    :     * PTX:ERROR:   a cross-reference ("xref") uses references [] that do not point to any target, or perhaps point to multiple targets.  Maybe you typed an @xml:id value wrong, maybe the target of the @xml:id is nonexistent, or maybe you temporarily removed the target from your source, or maybe an auxiliary file contains a duplicate.  Your output will contain some placeholder text that you will not want to distribute to your readers.
INFO    :     *              located within: "gra3-uni4-secD-lec22" (xml:id), "La huerta comunitaria de la escuela" (title)
INFO    :     * PTX:ERROR:   a cross-reference ("xref") uses references [] that do not point to any target, or perhaps point to multiple targets.  Maybe you typed an @xml:id value wrong, maybe the target of the @xml:id is nonexistent, or maybe you temporarily removed the target from your source, or maybe an auxiliary file contains a duplicate.  Your output will contain some placeholder text that you will not want to distribute to your readers.
INFO    :     *              located within: "gra3-uni4-secD-lec22" (xml:id), "La huerta comunitaria de la escuela" (title)
INFO    :     * PTX:ERROR:   a cross-reference ("xref") uses references [] that do not point to any target, or perhaps point to multiple targets.  Maybe you typed an @xml:id value wrong, maybe the target of the @xml:id is nonexistent, or maybe you temporarily removed the target from your source, or maybe an auxiliary file contains a duplicate.  Your output will contain some placeholder text that you will not want to distribute to your readers.
INFO    :     *              located within: "gra3-uni4-secD-lec22" (xml:id), "La huerta comunitaria de la escuela" (title)
INFO    :     * PTX:ERROR:   a cross-reference ("xref") uses references [] that do not point to any target, or perhaps point to multiple targets.  Maybe you typed an @xml:id value wrong, maybe the target of the @xml:id is nonexistent, or maybe you temporarily removed the target from your source, or maybe an auxiliary file contains a duplicate.  Your output will contain some placeholder text that you will not want to distribute to your readers.
INFO    :     *              located within: "gra3-uni4-secD-lec22" (xml:id), "La huerta comunitaria de la escuela" (title)
INFO    :     * PTX:ERROR:   a cross-reference ("xref") uses references [] that do not point to any target, or perhaps point to multiple targets.  Maybe you typed an @xml:id value wrong, maybe the target of the @xml:id is nonexistent, or maybe you temporarily removed the target from your source, or maybe an auxiliary file contains a duplicate.  Your output will contain some placeholder text that you will not want to distribute to your readers.
INFO    :     *              located within: "gra3-uni4-secD-lec22" (xml:id), "La huerta comunitaria de la escuela" (title)
INFO    :     * PTX:ERROR:   a cross-reference ("xref") uses references [] that do not point to any target, or perhaps point to multiple targets.  Maybe you typed an @xml:id value wrong, maybe the target of the @xml:id is nonexistent, or maybe you temporarily removed the target from your source, or maybe an auxiliary file contains a duplicate.  Your output will contain some placeholder text that you will not want to distribute to your readers.
INFO    :     *              located within: "gra3-uni4-secD-lec22" (xml:id), "La huerta comunitaria de la escuela" (title)
INFO    :     * PTX:ERROR:   a cross-reference ("xref") uses references [] that do not point to any target, or perhaps point to multiple targets.  Maybe you typed an @xml:id value wrong, maybe the target of the @xml:id is nonexistent, or maybe you temporarily removed the target from your source, or maybe an auxiliary file contains a duplicate.  Your output will contain some placeholder text that you will not want to distribute to your readers.
INFO    :     *              located within: "gra3-uni4-secD-lec22" (xml:id), "La huerta comunitaria de la escuela" (title)
INFO    :     * PTX:ERROR:   a cross-reference ("xref") uses references [] that do not point to any target, or perhaps point to multiple targets.  Maybe you typed an @xml:id value wrong, maybe the target of the @xml:id is nonexistent, or maybe you temporarily removed the target from your source, or maybe an auxiliary file contains a duplicate.  Your output will contain some placeholder text that you will not want to distribute to your readers.
INFO    :     *              located within: "gra3-uni4-secD-lec22" (xml:id), "La huerta comunitaria de la escuela" (title)
INFO    :     * PTX:ERROR:   a cross-reference ("xref") uses references [] that do not point to any target, or perhaps point to multiple targets.  Maybe you typed an @xml:id value wrong, maybe the target of the @xml:id is nonexistent, or maybe you temporarily removed the target from your source, or maybe an auxiliary file contains a duplicate.  Your output will contain some placeholder text that you will not want to distribute to your readers.
INFO    :     *              located within: "gra3-uni4-secD-lec22" (xml:id), "La huerta comunitaria de la escuela" (title)
INFO    :     * PTX:ERROR:   a cross-reference ("xref") uses references [] that do not point to any target, or perhaps point to multiple targets.  Maybe you typed an @xml:id value wrong, maybe the target of the @xml:id is nonexistent, or maybe you temporarily removed the target from your source, or maybe an auxiliary file contains a duplicate.  Your output will contain some placeholder text that you will not want to distribute to your readers.
INFO    :     *              located within: "gra3-uni4-secD-lec22" (xml:id), "La huerta comunitaria de la escuela" (title)
INFO    :     * PTX:ERROR:   a cross-reference ("xref") uses references [] that do not point to any target, or perhaps point to multiple targets.  Maybe you typed an @xml:id value wrong, maybe the target of the @xml:id is nonexistent, or maybe you temporarily removed the target from your source, or maybe an auxiliary file contains a duplicate.  Your output will contain some placeholder text that you will not want to distribute to your readers.
INFO    :     *              located within: "gra3-uni4-secD-lec22" (xml:id), "La huerta comunitaria de la escuela" (title)
INFO    :     * PTX:ERROR:   a cross-reference ("xref") uses references [] that do not point to any target, or perhaps point to multiple targets.  Maybe you typed an @xml:id value wrong, maybe the target of the @xml:id is nonexistent, or maybe you temporarily removed the target from your source, or maybe an auxiliary file contains a duplicate.  Your output will contain some placeholder text that you will not want to distribute to your readers.
INFO    :     *              located within: "gra3-uni4-secD-lec22" (xml:id), "La huerta comunitaria de la escuela" (title)
INFO    :     * PTX:ERROR:   a cross-reference ("xref") uses references [] that do not point to any target, or perhaps point to multiple targets.  Maybe you typed an @xml:id value wrong, maybe the target of the @xml:id is nonexistent, or maybe you temporarily removed the target from your source, or maybe an auxiliary file contains a duplicate.  Your output will contain some placeholder text that you will not want to distribute to your readers.
INFO    :     *              located within: "gra3-uni4-secD-lec22" (xml:id), "La huerta comunitaria de la escuela" (title)
INFO    :     * PTX:ERROR:   a cross-reference ("xref") uses references [] that do not point to any target, or perhaps point to multiple targets.  Maybe you typed an @xml:id value wrong, maybe the target of the @xml:id is nonexistent, or maybe you temporarily removed the target from your source, or maybe an auxiliary file contains a duplicate.  Your output will contain some placeholder text that you will not want to distribute to your readers.
INFO    :     *              located within: "gra3-uni4-secD-lec22" (xml:id), "La huerta comunitaria de la escuela" (title)
INFO    :     * PTX:ERROR:   a cross-reference ("xref") uses references [] that do not point to any target, or perhaps point to multiple targets.  Maybe you typed an @xml:id value wrong, maybe the target of the @xml:id is nonexistent, or maybe you temporarily removed the target from your source, or maybe an auxiliary file contains a duplicate.  Your output will contain some placeholder text that you will not want to distribute to your readers.
INFO    :     *              located within: "gra3-uni4-secD-lec22" (xml:id), "La huerta comunitaria de la escuela" (title)
INFO    :     * PTX:ERROR:   a cross-reference ("xref") uses references [] that do not point to any target, or perhaps point to multiple targets.  Maybe you typed an @xml:id value wrong, maybe the target of the @xml:id is nonexistent, or maybe you temporarily removed the target from your source, or maybe an auxiliary file contains a duplicate.  Your output will contain some placeholder text that you will not want to distribute to your readers.
INFO    :     *              located within: "gra3-uni4-secD-lec22" (xml:id), "La huerta comunitaria de la escuela" (title)
INFO    :     * PTX:ERROR:   a cross-reference ("xref") uses references [] that do not point to any target, or perhaps point to multiple targets.  Maybe you typed an @xml:id value wrong, maybe the target of the @xml:id is nonexistent, or maybe you temporarily removed the target from your source, or maybe an auxiliary file contains a duplicate.  Your output will contain some placeholder text that you will not want to distribute to your readers.
INFO    :     *              located within: "gra3-uni4-secD-lec22" (xml:id), "La huerta comunitaria de la escuela" (title)
INFO    :     * PTX:ERROR:   a cross-reference ("xref") uses references [] that do not point to any target, or perhaps point to multiple targets.  Maybe you typed an @xml:id value wrong, maybe the target of the @xml:id is nonexistent, or maybe you temporarily removed the target from your source, or maybe an auxiliary file contains a duplicate.  Your output will contain some placeholder text that you will not want to distribute to your readers.
INFO    :     *              located within: "gra3-uni4-secD-lec22" (xml:id), "La huerta comunitaria de la escuela" (title)
INFO    :     * PTX:ERROR:   a cross-reference ("xref") uses references [] that do not point to any target, or perhaps point to multiple targets.  Maybe you typed an @xml:id value wrong, maybe the target of the @xml:id is nonexistent, or maybe you temporarily removed the target from your source, or maybe an auxiliary file contains a duplicate.  Your output will contain some placeholder text that you will not want to distribute to your readers.
INFO    :     *              located within: "gra3-uni4-secD-lec22" (xml:id), "La huerta comunitaria de la escuela" (title)
INFO    :     * PTX:ERROR:   a cross-reference ("xref") uses references [] that do not point to any target, or perhaps point to multiple targets.  Maybe you typed an @xml:id value wrong, maybe the target of the @xml:id is nonexistent, or maybe you temporarily removed the target from your source, or maybe an auxiliary file contains a duplicate.  Your output will contain some placeholder text that you will not want to distribute to your readers.
INFO    :     *              located within: "gra3-uni4-secD-lec22" (xml:id), "La huerta comunitaria de la escuela" (title)
INFO    :     * PTX:ERROR:   a cross-reference ("xref") uses references [] that do not point to any target, or perhaps point to multiple targets.  Maybe you typed an @xml:id value wrong, maybe the target of the @xml:id is nonexistent, or maybe you temporarily removed the target from your source, or maybe an auxiliary file contains a duplicate.  Your output will contain some placeholder text that you will not want to distribute to your readers.
INFO    :     *              located within: "gra3-uni4-secD-lec22" (xml:id), "La huerta comunitaria de la escuela" (title)
INFO    :     * PTX:ERROR:   a cross-reference ("xref") uses references [] that do not point to any target, or perhaps point to multiple targets.  Maybe you typed an @xml:id value wrong, maybe the target of the @xml:id is nonexistent, or maybe you temporarily removed the target from your source, or maybe an auxiliary file contains a duplicate.  Your output will contain some placeholder text that you will not want to distribute to your readers.
INFO    :     *              located within: "gra3-uni4-secD-lec22" (xml:id), "La huerta comunitaria de la escuela" (title)
INFO    :     * PTX:ERROR:   a cross-reference ("xref") uses references [] that do not point to any target, or perhaps point to multiple targets.  Maybe you typed an @xml:id value wrong, maybe the target of the @xml:id is nonexistent, or maybe you temporarily removed the target from your source, or maybe an auxiliary file contains a duplicate.  Your output will contain some placeholder text that you will not want to distribute to your readers.
INFO    :     *              located within: "gra3-uni4-secD-lec22" (xml:id), "La huerta comunitaria de la escuela" (title)
INFO    :     * PTX:ERROR:   a cross-reference ("xref") uses references [] that do not point to any target, or perhaps point to multiple targets.  Maybe you typed an @xml:id value wrong, maybe the target of the @xml:id is nonexistent, or maybe you temporarily removed the target from your source, or maybe an auxiliary file contains a duplicate.  Your output will contain some placeholder text that you will not want to distribute to your readers.
INFO    :     *              located within: "gra3-uni4-secD-lec22" (xml:id), "La huerta comunitaria de la escuela" (title)
INFO    :     * PTX:ERROR:   a cross-reference ("xref") uses references [] that do not point to any target, or perhaps point to multiple targets.  Maybe you typed an @xml:id value wrong, maybe the target of the @xml:id is nonexistent, or maybe you temporarily removed the target from your source, or maybe an auxiliary file contains a duplicate.  Your output will contain some placeholder text that you will not want to distribute to your readers.
INFO    :     *              located within: "gra3-uni4-secD-lec22" (xml:id), "La huerta comunitaria de la escuela" (title)
INFO    :     * PTX:ERROR:   a cross-reference ("xref") uses references [] that do not point to any target, or perhaps point to multiple targets.  Maybe you typed an @xml:id value wrong, maybe the target of the @xml:id is nonexistent, or maybe you temporarily removed the target from your source, or maybe an auxiliary file contains a duplicate.  Your output will contain some placeholder text that you will not want to distribute to your readers.
INFO    :     *              located within: "gra3-uni4-secD-lec22" (xml:id), "La huerta comunitaria de la escuela" (title)
INFO    :     * PTX:ERROR:   a cross-reference ("xref") uses references [] that do not point to any target, or perhaps point to multiple targets.  Maybe you typed an @xml:id value wrong, maybe the target of the @xml:id is nonexistent, or maybe you temporarily removed the target from your source, or maybe an auxiliary file contains a duplicate.  Your output will contain some placeholder text that you will not want to distribute to your readers.
INFO    :     *              located within: "gra3-uni4-secD-lec22" (xml:id), "La huerta comunitaria de la escuela" (title)
INFO    :     * PTX:ERROR:   a cross-reference ("xref") uses references [] that do not point to any target, or perhaps point to multiple targets.  Maybe you typed an @xml:id value wrong, maybe the target of the @xml:id is nonexistent, or maybe you temporarily removed the target from your source, or maybe an auxiliary file contains a duplicate.  Your output will contain some placeholder text that you will not want to distribute to your readers.
INFO    :     *              located within: "gra3-uni4-secD-lec22" (xml:id), "La huerta comunitaria de la escuela" (title)
INFO    :     * PTX:ERROR:   a cross-reference ("xref") uses references [] that do not point to any target, or perhaps point to multiple targets.  Maybe you typed an @xml:id value wrong, maybe the target of the @xml:id is nonexistent, or maybe you temporarily removed the target from your source, or maybe an auxiliary file contains a duplicate.  Your output will contain some placeholder text that you will not want to distribute to your readers.
INFO    :     *              located within: "gra3-uni4-secD-lec22" (xml:id), "La huerta comunitaria de la escuela" (title)
INFO    :     * PTX:ERROR:   a cross-reference ("xref") uses references [] that do not point to any target, or perhaps point to multiple targets.  Maybe you typed an @xml:id value wrong, maybe the target of the @xml:id is nonexistent, or maybe you temporarily removed the target from your source, or maybe an auxiliary file contains a duplicate.  Your output will contain some placeholder text that you will not want to distribute to your readers.
INFO    :     *              located within: "gra3-uni4-secD-lec22" (xml:id), "La huerta comunitaria de la escuela" (title)
INFO    :     * PTX:ERROR:   a cross-reference ("xref") uses references [] that do not point to any target, or perhaps point to multiple targets.  Maybe you typed an @xml:id value wrong, maybe the target of the @xml:id is nonexistent, or maybe you temporarily removed the target from your source, or maybe an auxiliary file contains a duplicate.  Your output will contain some placeholder text that you will not want to distribute to your readers.
INFO    :     *              located within: "gra3-uni4-secD-lec22" (xml:id), "La huerta comunitaria de la escuela" (title)
INFO    :     * PTX:ERROR:   a cross-reference ("xref") uses references [] that do not point to any target, or perhaps point to multiple targets.  Maybe you typed an @xml:id value wrong, maybe the target of the @xml:id is nonexistent, or maybe you temporarily removed the target from your source, or maybe an auxiliary file contains a duplicate.  Your output will contain some placeholder text that you will not want to distribute to your readers.
INFO    :     *              located within: "gra3-uni4-secD-lec22" (xml:id), "La huerta comunitaria de la escuela" (title)
INFO    :     * PTX:ERROR:   a cross-reference ("xref") uses references [] that do not point to any target, or perhaps point to multiple targets.  Maybe you typed an @xml:id value wrong, maybe the target of the @xml:id is nonexistent, or maybe you temporarily removed the target from your source, or maybe an auxiliary file contains a duplicate.  Your output will contain some placeholder text that you will not want to distribute to your readers.
INFO    :     *              located within: "gra3-uni4-secD-lec22" (xml:id), "La huerta comunitaria de la escuela" (title)
INFO    :     * PTX:ERROR:   a cross-reference ("xref") uses references [] that do not point to any target, or perhaps point to multiple targets.  Maybe you typed an @xml:id value wrong, maybe the target of the @xml:id is nonexistent, or maybe you temporarily removed the target from your source, or maybe an auxiliary file contains a duplicate.  Your output will contain some placeholder text that you will not want to distribute to your readers.
INFO    :     *              located within: "gra3-uni4-secD-lec22" (xml:id), "La huerta comunitaria de la escuela" (title)
INFO    :     * PTX:ERROR:   a cross-reference ("xref") uses references [] that do not point to any target, or perhaps point to multiple targets.  Maybe you typed an @xml:id value wrong, maybe the target of the @xml:id is nonexistent, or maybe you temporarily removed the target from your source, or maybe an auxiliary file contains a duplicate.  Your output will contain some placeholder text that you will not want to distribute to your readers.
INFO    :     *              located within: "gra3-uni4-secD-lec22" (xml:id), "La huerta comunitaria de la escuela" (title)
INFO    :     * PTX:ERROR:   a cross-reference ("xref") uses references [] that do not point to any target, or perhaps point to multiple targets.  Maybe you typed an @xml:id value wrong, maybe the target of the @xml:id is nonexistent, or maybe you temporarily removed the target from your source, or maybe an auxiliary file contains a duplicate.  Your output will contain some placeholder text that you will not want to distribute to your readers.
INFO    :     *              located within: "gra3-uni4-secD-lec22" (xml:id), "La huerta comunitaria de la escuela" (title)
INFO    :     * PTX:ERROR:   a cross-reference ("xref") uses references [] that do not point to any target, or perhaps point to multiple targets.  Maybe you typed an @xml:id value wrong, maybe the target of the @xml:id is nonexistent, or maybe you temporarily removed the target from your source, or maybe an auxiliary file contains a duplicate.  Your output will contain some placeholder text that you will not want to distribute to your readers.
INFO    :     *              located within: "gra3-uni4-secD-lec22" (xml:id), "La huerta comunitaria de la escuela" (title)
INFO    :     * PTX:ERROR:   a cross-reference ("xref") uses references [] that do not point to any target, or perhaps point to multiple targets.  Maybe you typed an @xml:id value wrong, maybe the target of the @xml:id is nonexistent, or maybe you temporarily removed the target from your source, or maybe an auxiliary file contains a duplicate.  Your output will contain some placeholder text that you will not want to distribute to your readers.
INFO    :     *              located within: "gra3-uni4-secD-lec22" (xml:id), "La huerta comunitaria de la escuela" (title)
INFO    :     * PTX:ERROR:   a cross-reference ("xref") uses references [] that do not point to any target, or perhaps point to multiple targets.  Maybe you typed an @xml:id value wrong, maybe the target of the @xml:id is nonexistent, or maybe you temporarily removed the target from your source, or maybe an auxiliary file contains a duplicate.  Your output will contain some placeholder text that you will not want to distribute to your readers.
INFO    :     *              located within: "gra3-uni4-secD-lec22" (xml:id), "La huerta comunitaria de la escuela" (title)
INFO    :     * PTX:ERROR:   a cross-reference ("xref") uses references [] that do not point to any target, or perhaps point to multiple targets.  Maybe you typed an @xml:id value wrong, maybe the target of the @xml:id is nonexistent, or maybe you temporarily removed the target from your source, or maybe an auxiliary file contains a duplicate.  Your output will contain some placeholder text that you will not want to distribute to your readers.
INFO    :     *              located within: "gra3-uni4-secD-lec22" (xml:id), "La huerta comunitaria de la escuela" (title)
INFO    :     * PTX:ERROR:   a cross-reference ("xref") uses references [] that do not point to any target, or perhaps point to multiple targets.  Maybe you typed an @xml:id value wrong, maybe the target of the @xml:id is nonexistent, or maybe you temporarily removed the target from your source, or maybe an auxiliary file contains a duplicate.  Your output will contain some placeholder text that you will not want to distribute to your readers.
INFO    :     *              located within: "gra3-uni4-secD-lec22" (xml:id), "La huerta comunitaria de la escuela" (title)
INFO    :     * PTX:ERROR:   a cross-reference ("xref") uses references [] that do not point to any target, or perhaps point to multiple targets.  Maybe you typed an @xml:id value wrong, maybe the target of the @xml:id is nonexistent, or maybe you temporarily removed the target from your source, or maybe an auxiliary file contains a duplicate.  Your output will contain some placeholder text that you will not want to distribute to your readers.
INFO    :     *              located within: "gra3-uni4-secD-lec22" (xml:id), "La huerta comunitaria de la escuela" (title)
INFO    :     * PTX:ERROR:   a cross-reference ("xref") uses references [] that do not point to any target, or perhaps point to multiple targets.  Maybe you typed an @xml:id value wrong, maybe the target of the @xml:id is nonexistent, or maybe you temporarily removed the target from your source, or maybe an auxiliary file contains a duplicate.  Your output will contain some placeholder text that you will not want to distribute to your readers.
INFO    :     *              located within: "gra3-uni4-secD-lec22" (xml:id), "La huerta comunitaria de la escuela" (title)
INFO    :     * PTX:ERROR:   a cross-reference ("xref") uses references [] that do not point to any target, or perhaps point to multiple targets.  Maybe you typed an @xml:id value wrong, maybe the target of the @xml:id is nonexistent, or maybe you temporarily removed the target from your source, or maybe an auxiliary file contains a duplicate.  Your output will contain some placeholder text that you will not want to distribute to your readers.
INFO    :     *              located within: "gra3-uni4-secD-lec22" (xml:id), "La huerta comunitaria de la escuela" (title)
INFO    :     * PTX:ERROR:   a cross-reference ("xref") uses references [] that do not point to any target, or perhaps point to multiple targets.  Maybe you typed an @xml:id value wrong, maybe the target of the @xml:id is nonexistent, or maybe you temporarily removed the target from your source, or maybe an auxiliary file contains a duplicate.  Your output will contain some placeholder text that you will not want to distribute to your readers.
INFO    :     *              located within: "gra3-uni4-secD-lec22" (xml:id), "La huerta comunitaria de la escuela" (title)
INFO    :     * PTX:ERROR:   a cross-reference ("xref") uses references [] that do not point to any target, or perhaps point to multiple targets.  Maybe you typed an @xml:id value wrong, maybe the target of the @xml:id is nonexistent, or maybe you temporarily removed the target from your source, or maybe an auxiliary file contains a duplicate.  Your output will contain some placeholder text that you will not want to distribute to your readers.
INFO    :     *              located within: "gra3-uni4-secD-lec22" (xml:id), "La huerta comunitaria de la escuela" (title)
INFO    :     * PTX:ERROR:   a cross-reference ("xref") uses references [] that do not point to any target, or perhaps point to multiple targets.  Maybe you typed an @xml:id value wrong, maybe the target of the @xml:id is nonexistent, or maybe you temporarily removed the target from your source, or maybe an auxiliary file contains a duplicate.  Your output will contain some placeholder text that you will not want to distribute to your readers.
INFO    :     *              located within: "gra3-uni4-secD-lec22" (xml:id), "La huerta comunitaria de la escuela" (title)
INFO    : successful application of /Users/enriqueacosta/.ptx/xsl/pretext-html.xsl
INFO    : 
Success! Run `pretext view` to see the results.

