INFO    : PreTeXt-CLI version: 2.4.0

INFO    : PreTeXt project found in `/Users/enriqueacosta/Documents/IllustrativeMath-GrupoLEMA`.
WARNING : Using CLI version 2.4.0 but project's `requirements.txt`
WARNING : is configured to use 2.3.6. Consider either installing
WARNING : CLI version 2.3.6 or running `pretext init --refresh`
WARNING : to update `requirements.txt` to match 2.4.0.
WARNING : Destroying directory /Users/enriqueacosta/Documents/IllustrativeMath-GrupoLEMA/output/print-latex-libroTrabajo/gra3-uni4 to clean previously built files.
INFO    : Preparing to build into /Users/enriqueacosta/Documents/IllustrativeMath-GrupoLEMA/output/print-latex-libroTrabajo/gra3-uni4.
INFO    : converting /Users/enriqueacosta/Documents/IllustrativeMath-GrupoLEMA/source/gra3-uni4/gra3-uni4.ptx to LaTeX as /Users/enriqueacosta/Documents/IllustrativeMath-GrupoLEMA/output/print-latex-libroTrabajo/gra3-uni4/gra3-uni4.tex
INFO    : XSL conversion of /Users/enriqueacosta/Documents/IllustrativeMath-GrupoLEMA/source/gra3-uni4/gra3-uni4.ptx by /Users/enriqueacosta/.ptx/xsl/pretext-latex.xsl
INFO    : messages from the log for XSL processing (indented):
INFO    :     * PTX:WARNING:    An <xref> wants to build text using a title to identify the target, but the target (which has @xml:id "warm-cuantosVes-Manzanas") has no title, not even a default title.
INFO    :     *              located within: "Atribuciones de im치genes" (title)
INFO    :     * PTX:WARNING:    An <xref> wants to build text using a title to identify the target, but the target (which has @xml:id "warm-observa-arbolManzanas") has no title, not even a default title.
INFO    :     *              located within: "Atribuciones de im치genes" (title)
INFO    :     * PTX:WARNING:    An <xref> wants to build text using a title to identify the target, but the target (which has @xml:id "act-trompos") has no title, not even a default title.
INFO    :     *              located within: "Atribuciones de im치genes" (title)
INFO    :     * PTX:WARNING:    An <xref> wants to build text using a title to identify the target, but the target (which has @xml:id "act-ecuacionesCebollas") has no title, not even a default title.
INFO    :     *              located within: "Atribuciones de im치genes" (title)
INFO    : successful application of /Users/enriqueacosta/.ptx/xsl/pretext-latex.xsl
INFO    : 
Success! Run `pretext view` to see the results.

