INFO    : Using PreTeXt-CLI version: 2.10.1.  This is the latest available version.

INFO    : PreTeXt project found in `/Users/enriqueacosta/Documents/IllustrativeMath-GrupoLEMA`.
WARNING : Using CLI version 2.10.1 but project's `requirements.txt`
WARNING : is configured to use 2.3.6. Consider either installing
WARNING : CLI version 2.3.6 or running `pretext init --refresh`
WARNING : to update `requirements.txt` to match 2.10.1.
INFO    : Building target gra3-uni4-libroTrabajo
INFO    : Preparing to build into /Users/enriqueacosta/Documents/IllustrativeMath-GrupoLEMA/output/print-latex-libroTrabajo/gra3-uni4.
INFO    : XSL conversion of /Users/enriqueacosta/Documents/IllustrativeMath-GrupoLEMA/source/gra3-uni4/gra3-uni4.ptx by /Users/enriqueacosta/.ptx/2.10.1/core/xsl/utilities/report-publisher-variables.xsl
INFO    : successful application of /Users/enriqueacosta/.ptx/2.10.1/core/xsl/utilities/report-publisher-variables.xsl
INFO    : converting /Users/enriqueacosta/Documents/IllustrativeMath-GrupoLEMA/source/gra3-uni4/gra3-uni4.ptx to LaTeX as /Users/enriqueacosta/Documents/IllustrativeMath-GrupoLEMA/output/print-latex-libroTrabajo/gra3-uni4/gra3-uni4.tex
INFO    : XSL conversion of /Users/enriqueacosta/Documents/IllustrativeMath-GrupoLEMA/source/gra3-uni4/gra3-uni4.ptx by /Users/enriqueacosta/.ptx/2.10.1/core/xsl/pretext-latex.xsl
INFO    : messages from the log for XSL processing:
WARNING : * PTX:DEPRECATE: (2024-10-08) elements previously included in a "titlepage" element inside the "frontmatter" (author, editor, credit, date, and event) should now be placed in "frontmatter/bibinfo".  To ensure a title page is created, put only the empty element "titlepage-items" inside "titlepage".  Until you move these elements, we will try to honor your intent. (1 time)
INFO    : *              located within: "meta_titlepage" (xml:id)
INFO    : * --------------
CRITICAL: * PTX:FATAL:   a <sidebyside> or <sbsgroup> does not have enough "@widths" (maybe you did not specify enough?)
INFO    : *              located within: "cool-expresionesParaRectangulo" (xml:id), "Expresiones para un rectángulo" (title)
INFO    : *              That's fatal.  Sorry.  Quitting...
ERROR   : processing with /Users/enriqueacosta/.ptx/2.10.1/core/xsl/pretext-latex.xsl has failed

CRITICAL:              That's fatal.  Sorry.  Quitting...
INFO    : ------------------------
CRITICAL: Failed to build.  Exiting...
INFO    : 
----------------------------------------------------
INFO    : While running pretext, the following errors occurred:

INFO    : (see log messages above or in the 'logs' folder for more information)
INFO    : ----------------------------------------------------
