INFO    : PreTeXt-CLI version: 2.4.0

INFO    : PreTeXt project found in `/Users/enriqueacosta/Documents/IllustrativeMath-GrupoLEMA`.
WARNING : Using CLI version 2.4.0 but project's `requirements.txt`
WARNING : is configured to use 2.3.6. Consider either installing
WARNING : CLI version 2.3.6 or running `pretext init --refresh`
WARNING : to update `requirements.txt` to match 2.4.0.
WARNING : Directory /Users/enriqueacosta/Documents/IllustrativeMath-GrupoLEMA/output/web-est/gra3-uni4 already does not exist, nothing to clean.
INFO    : Preparing to build into /Users/enriqueacosta/Documents/IllustrativeMath-GrupoLEMA/output/web-est/gra3-uni4.
INFO    : discovering source file's directory name: /Users/enriqueacosta/Documents/IllustrativeMath-GrupoLEMA/source/gra3-uni4
INFO    : verifying and expanding input directory: /Users/enriqueacosta/Documents/IllustrativeMath-GrupoLEMA/source/gra3-uni4/../generated-assets
INFO    : input directory expanded to absolute path: /Users/enriqueacosta/Documents/IllustrativeMath-GrupoLEMA/source/generated-assets
INFO    : verifying and expanding input directory: /Users/enriqueacosta/Documents/IllustrativeMath-GrupoLEMA/source/gra3-uni4/../assets
INFO    : input directory expanded to absolute path: /Users/enriqueacosta/Documents/IllustrativeMath-GrupoLEMA/source/assets
INFO    : Runestone Services (via PreTeXt repository): version 7.2.15
INFO    : Runestone Services (using newer, via online CDN query): version 7.4.7
INFO    : converting /Users/enriqueacosta/Documents/IllustrativeMath-GrupoLEMA/source/gra3-uni4/gra3-uni4.ptx to HTML in /var/folders/b3/dcqdqcz54f9b9pqrbwv35_gh0000gn/T/ptx-13akzv5k
INFO    : XSL conversion of /Users/enriqueacosta/Documents/IllustrativeMath-GrupoLEMA/source/gra3-uni4/gra3-uni4.ptx by /Users/enriqueacosta/.ptx/xsl/pretext-html.xsl
INFO    : messages from the log for XSL processing (indented):
INFO    :     * PTX:ERROR:      The @xml:id "lec-cuantosGrupos -cool" is invalid.  Use only letters, numbers, hyphens and underscores.
INFO    : successful application of /Users/enriqueacosta/.ptx/xsl/pretext-html.xsl
CRITICAL: xml:id : attribute value lec-cuantosGrupos -cool is not an NCName, line 128, column 7 (lec-cuantosGrupos.ptx, line 128)
INFO    : ------------------------
CRITICAL: Failed to build.  Exiting...
INFO    : While running pretext, the following errors occurred:

