INFO    : Using PreTeXt-CLI version: 2.10.1.  This is the latest available version.

INFO    : PreTeXt project found in `/Users/enriqueacosta/Documents/IllustrativeMath-GrupoLEMA`.
WARNING : Using CLI version 2.10.1 but project's `requirements.txt`
WARNING : is configured to use 2.3.6. Consider either installing
WARNING : CLI version 2.3.6 or running `pretext init --refresh`
WARNING : to update `requirements.txt` to match 2.10.1.
INFO    : Building target gra3-uni4-web-est
ERROR   : XInclude Error caused build to fail:
ERROR   : /Users/enriqueacosta/Documents/IllustrativeMath-GrupoLEMA/source/gra3-uni4/act-mesaRedondaDeDivision-mat.ptx:4:167:FATAL:PARSER:ERR_GT_REQUIRED: expected '>'
/Users/enriqueacosta/Documents/IllustrativeMath-GrupoLEMA/source/gra3-uni4/lec-relacionarMultiplicacionYDivision.ptx:63:0:ERROR:XINCLUDE:XINCLUDE_NO_FALLBACK: could not load /Users/enriqueacosta/Documents/IllustrativeMath-GrupoLEMA/source/gra3-uni4/act-mesaRedondaDeDivision-mat.ptx, and no fallback was found
/Users/enriqueacosta/Documents/IllustrativeMath-GrupoLEMA/source/gra3-uni4/act-mesaRedondaDeDivision.ptx:71:0:ERROR:XINCLUDE:XINCLUDE_NO_FALLBACK: could not load /Users/enriqueacosta/Documents/IllustrativeMath-GrupoLEMA/source/gra3-uni4/act-mesaRedondaDeDivision-mat.ptx, and no fallback was found
<string>:0:0:WARNING:IO:IO_LOAD_ERROR: failed to load external entity "/Users/enriqueacosta/Documents/IllustrativeMath-GrupoLEMA/source/blm/blm-mesaRedondaDeDivision.ptx"
/Users/enriqueacosta/Documents/IllustrativeMath-GrupoLEMA/source/gra3-uni4/gra3-uni4.ptx:203:0:ERROR:XINCLUDE:XINCLUDE_NO_FALLBACK: could not load /Users/enriqueacosta/Documents/IllustrativeMath-GrupoLEMA/source/blm/blm-mesaRedondaDeDivision.ptx, and no fallback was found
CRITICAL: XML syntax for source file is invalid
INFO    : ------------------------
CRITICAL: Failed to build.  Exiting...
INFO    : 
----------------------------------------------------
INFO    : While running pretext, the following errors occurred:

INFO    : (see log messages above or in the 'logs' folder for more information)
INFO    : ----------------------------------------------------
