INFO    : Using PreTeXt-CLI version: 2.10.1.  This is the latest available version.

INFO    : PreTeXt project found in `/Users/enriqueacosta/Documents/IllustrativeMath-GrupoLEMA`.
WARNING : Using CLI version 2.10.1 but project's `requirements.txt`
WARNING : is configured to use 2.3.6. Consider either installing
WARNING : CLI version 2.3.6 or running `pretext init --refresh`
WARNING : to update `requirements.txt` to match 2.10.1.
INFO    : Building target gra3-uni4-libroTrabajo
INFO    : Preparing to build into /Users/enriqueacosta/Documents/IllustrativeMath-GrupoLEMA/output/print-latex-libroTrabajo/gra3-uni4.
INFO    : XSL conversion of /Users/enriqueacosta/Documents/IllustrativeMath-GrupoLEMA/source/gra3-uni4/gra3-uni4.ptx by /Users/enriqueacosta/.ptx/2.10.1/core/xsl/utilities/report-publisher-variables.xsl
INFO    : successful application of /Users/enriqueacosta/.ptx/2.10.1/core/xsl/utilities/report-publisher-variables.xsl
INFO    : converting /Users/enriqueacosta/Documents/IllustrativeMath-GrupoLEMA/source/gra3-uni4/gra3-uni4.ptx to LaTeX as /Users/enriqueacosta/Documents/IllustrativeMath-GrupoLEMA/output/print-latex-libroTrabajo/gra3-uni4/gra3-uni4.tex
INFO    : XSL conversion of /Users/enriqueacosta/Documents/IllustrativeMath-GrupoLEMA/source/gra3-uni4/gra3-uni4.ptx by /Users/enriqueacosta/.ptx/2.10.1/core/xsl/pretext-latex.xsl
INFO    : messages from the log for XSL processing:
WARNING : * PTX:DEPRECATE: (2024-10-08) elements previously included in a "titlepage" element inside the "frontmatter" (author, editor, credit, date, and event) should now be placed in "frontmatter/bibinfo".  To ensure a title page is created, put only the empty element "titlepage-items" inside "titlepage".  Until you move these elements, we will try to honor your intent. (1 time)
INFO    : *              located within: "meta_titlepage" (xml:id)
INFO    : * --------------
WARNING : * PTX:WARNING:    An <xref> wants to build text using a title to identify the target, but the target (which has @xml:id "warm-cuantosVes-Manzanas") has no title, not even a default title.
INFO    : *              located within: "Atribuciones de imágenes" (title)
WARNING : * PTX:WARNING:    An <xref> wants to build text using a title to identify the target, but the target (which has @xml:id "warm-observa-arbolManzanas") has no title, not even a default title.
INFO    : *              located within: "Atribuciones de imágenes" (title)
WARNING : * PTX:WARNING:    An <xref> wants to build text using a title to identify the target, but the target (which has @xml:id "act-trompos") has no title, not even a default title.
INFO    : *              located within: "Atribuciones de imágenes" (title)
WARNING : * PTX:WARNING:    An <xref> wants to build text using a title to identify the target, but the target (which has @xml:id "act-ecuacionesCebollas") has no title, not even a default title.
INFO    : *              located within: "Atribuciones de imágenes" (title)
WARNING : * PTX:WARNING:    An <xref> wants to build text using a title to identify the target, but the target (which has @xml:id "act-diasDeManzanas") has no title, not even a default title.
INFO    : *              located within: "Atribuciones de imágenes" (title)
WARNING : * PTX:WARNING:    An <xref> wants to build text using a title to identify the target, but the target (which has @xml:id "warm-observa-huerta") has no title, not even a default title.
INFO    : *              located within: "Atribuciones de imágenes" (title)
WARNING : * PTX:WARNING:    An <xref> wants to build text using a title to identify the target, but the target (which has @xml:id "act-produccionFresas") has no title, not even a default title.
INFO    : *              located within: "Atribuciones de imágenes" (title)
WARNING : * PTX:WARNING:    An <xref> wants to build text using a title to identify the target, but the target (which has @xml:id "act-planeemosLaHuerta") has no title, not even a default title.
INFO    : *              located within: "Atribuciones de imágenes" (title)
INFO    : successful application of /Users/enriqueacosta/.ptx/2.10.1/core/xsl/pretext-latex.xsl
INFO    : Removing temporary directory /var/folders/b3/dcqdqcz54f9b9pqrbwv35_gh0000gn/T/ptx-5blcccpd
INFO    : 
Success! Run `pretext view` to see the results.

INFO    : 
