INFO    : PreTeXt-CLI version: 2.4.0

INFO    : PreTeXt project found in `/Users/enriqueacosta/Documents/IllustrativeMath-GrupoLEMA`.
WARNING : Using CLI version 2.4.0 but project's `requirements.txt`
WARNING : is configured to use 2.3.6. Consider either installing
WARNING : CLI version 2.3.6 or running `pretext init --refresh`
WARNING : to update `requirements.txt` to match 2.4.0.
WARNING : Destroying directory /Users/enriqueacosta/Documents/IllustrativeMath-GrupoLEMA/output/web-prof/gra0-uni1 to clean previously built files.
INFO    : Preparing to build into /Users/enriqueacosta/Documents/IllustrativeMath-GrupoLEMA/output/web-prof/gra0-uni1.
INFO    : discovering source file's directory name: /Users/enriqueacosta/Documents/IllustrativeMath-GrupoLEMA/source/gra0-uni1
INFO    : verifying and expanding input directory: /Users/enriqueacosta/Documents/IllustrativeMath-GrupoLEMA/source/gra0-uni1/../generated-assets
INFO    : input directory expanded to absolute path: /Users/enriqueacosta/Documents/IllustrativeMath-GrupoLEMA/source/generated-assets
INFO    : verifying and expanding input directory: /Users/enriqueacosta/Documents/IllustrativeMath-GrupoLEMA/source/gra0-uni1/../assets
INFO    : input directory expanded to absolute path: /Users/enriqueacosta/Documents/IllustrativeMath-GrupoLEMA/source/assets
INFO    : Runestone Services (via PreTeXt repository): version 7.2.15
INFO    : Runestone Services (using newer, via online CDN query): version 7.4.7
INFO    : converting /Users/enriqueacosta/Documents/IllustrativeMath-GrupoLEMA/source/gra0-uni1/gra0-uni1.ptx to HTML in /var/folders/b3/dcqdqcz54f9b9pqrbwv35_gh0000gn/T/ptx-8bmcr6v7
INFO    : XSL conversion of /Users/enriqueacosta/Documents/IllustrativeMath-GrupoLEMA/source/gra0-uni1/gra0-uni1.ptx by /Users/enriqueacosta/.ptx/xsl/pretext-html.xsl
INFO    : messages from the log for XSL processing (indented):
INFO    :     * Resolved Target ID: act-conozcamos-librosDeImagenes-crea
INFO    :     * Resolved Target Node:  

Conozcamos Libros de imágenes: Crea


  
    
      numero dos
    
    
      dos puntos
    
  



  
      Dibujo del estudiante. Número 2. Imagen de puntos, 2 puntos. Figuras de palitos, 2. Ventanas, 2. Zapatos, 2.
    




 

  
  
    Tiempo recomendado
    10 minutos
  

  
  
    Narrativa
    El propósito de esta actividad es que los estudiantes conozcan la etapa 2 del centro . En esta actividad, los estudiantes identifican grupos de dos objetos en su salón de clases y los registran. Al ver los grupos de dos objetos registrados por otros estudiantes, se invita a los estudiantes a observar que muchos grupos diferentes de objetos pueden tener el mismo número.

    Los estudiantes crean una página de un libro de imágenes, que se incluye en su libro de trabajo. En el trabajo en los centros, los estudiantes tienen la oportunidad de completar más páginas en su libro de imágenes. Se incluye una hoja reproducible como ejemplo. Cada página del libro de imágenes tiene un número escrito y puntos para relacionar números y cantidades.
  


  
  
    Materiales
    
      Lápices de colores o crayones
      
        Hojas reproducibles:        
        
          
        
      
    
  

  
  
    Lanzamiento
    
      Muestre el libro del estudiante.
      Proporcione a los estudiantes lápices de colores o crayones.
      ¿Qué observan? ¿Qué se preguntan? (Hay 2 puntos. Hay un número. El resto de la página está en blanco.)
      30 segundos: tiempo para pensar en silencio
      Compartan sus respuestas.
      Encontramos grupos de cosas en nuestro salón. También emparejamos grupos que tienen el mismo número de cosas. ¿Pueden encontrar alguna cosa de la que haya dos en nuestro salón y que quieran incluir en sus libros de imágenes?
      30 segundos: tiempo para pensar en silencio
    
  


  
  
    Desarrollo de la actividad
    
      Van a hacer una página para el libro de imágenes como las que vimos antes. Hay dos puntos arriba en la página, así que en esta página deben dibujar cosas de nuestro salón de las que haya dos.
      3 minutos: tiempo para trabajar de forma independiente
      Compartan su trabajo con su pareja. ¿Los dos dibujaron el mismo grupo de objetos?
      30 segundos: tiempo para pensar en silencio
      2 minutos: discusión en pareja
      Encuentren otros grupos de 2 cosas en el salón y pónganlas en esta página de su libro de imágenes.
      3 minutos: tiempo para trabajar de forma independiente
    
  






  
  
    Para los estudiantes con dificultades
    Si los estudiantes dibujan grupos con más o menos de 2 objetos, considere preguntar:

    
      ¿Puedes contarme algo sobre este grupo de cosas que dibujaste? ¿Cuántos  hay?
      ¿Qué cosas ves que están en un grupo de 2?
      De ser necesario, identifica algunos objetos en la habitación y pregunta ¿Hay 2 ?
    
  


  
  
    Síntesis de la actividad
    
      Invite a los estudiantes a compartir los grupos de 2 que dibujaron.
      Registre las respuestas.
      ¿En qué se parecen todos estos grupos de cosas? (Los encontramos todos en el salón de clases. Todos tienen 2.)
      Podrán hacer más páginas para sus libros de imágenes cuando trabajemos en los centros.
    
  


  
  
    Desarrollo de lenguaje matemático
    Apoyos para la discusión de MLR8. Antes de comenzar el tiempo de trabajo independiente, invite a un estudiante a compartir un ejemplo de dos cosas en el salón de clases. Escuche y aclare cualquier pregunta.
    Avances: Hablar, Representar.
  


  
  
    Acceso a estudiantes con discapacidades
    Acción y Expresión: Proporcionar Acceso para la Acción Física. Para ayudar a generar ideas, invite a los estudiantes a decirle a su compañero lo que planean dibujar antes de comenzar.
    Apoya la accesibilidad para: Lenguaje, Procesamiento Visual-Espacial.
  



INFO    : successful application of /Users/enriqueacosta/.ptx/xsl/pretext-html.xsl
INFO    : 
Success! Run `pretext view` to see the results.

