INFO    : PreTeXt-CLI version: 2.4.0

INFO    : PreTeXt project found in `/Users/enriqueacosta/Documents/IllustrativeMath-GrupoLEMA`.
WARNING : Using CLI version 2.4.0 but project's `requirements.txt`
WARNING : is configured to use 2.3.6. Consider either installing
WARNING : CLI version 2.3.6 or running `pretext init --refresh`
WARNING : to update `requirements.txt` to match 2.4.0.
WARNING : Destroying directory /Users/enriqueacosta/Documents/IllustrativeMath-GrupoLEMA/output/web-est/gra6-uni6 to clean previously built files.
INFO    : Preparing to build into /Users/enriqueacosta/Documents/IllustrativeMath-GrupoLEMA/output/web-est/gra6-uni6.
INFO    : discovering source file's directory name: /Users/enriqueacosta/Documents/IllustrativeMath-GrupoLEMA/source/gra6-uni6
INFO    : verifying and expanding input directory: /Users/enriqueacosta/Documents/IllustrativeMath-GrupoLEMA/source/gra6-uni6/../generated-assets
INFO    : input directory expanded to absolute path: /Users/enriqueacosta/Documents/IllustrativeMath-GrupoLEMA/source/generated-assets
INFO    : verifying and expanding input directory: /Users/enriqueacosta/Documents/IllustrativeMath-GrupoLEMA/source/gra6-uni6/../assets
INFO    : input directory expanded to absolute path: /Users/enriqueacosta/Documents/IllustrativeMath-GrupoLEMA/source/assets
INFO    : Runestone Services (via PreTeXt repository): version 7.2.15
INFO    : Runestone Services (using newer, via online CDN query): version 7.4.5
INFO    : converting /Users/enriqueacosta/Documents/IllustrativeMath-GrupoLEMA/source/gra6-uni6/gra6-uni6.ptx to HTML in /var/folders/b3/dcqdqcz54f9b9pqrbwv35_gh0000gn/T/ptx-4gsoj6cu
INFO    : XSL conversion of /Users/enriqueacosta/Documents/IllustrativeMath-GrupoLEMA/source/gra6-uni6/gra6-uni6.ptx by /Users/enriqueacosta/.ptx/xsl/pretext-html.xsl
INFO    : successful application of /Users/enriqueacosta/.ptx/xsl/pretext-html.xsl
INFO    : 
Success! Run `pretext view` to see the results.

