INFO    : PreTeXt-CLI version: 2.4.0

INFO    : PreTeXt project found in `/Users/enriqueacosta/Documents/IllustrativeMath-GrupoLEMA`.
WARNING : Using CLI version 2.4.0 but project's `requirements.txt`
WARNING : is configured to use 2.3.6. Consider either installing
WARNING : CLI version 2.3.6 or running `pretext init --refresh`
WARNING : to update `requirements.txt` to match 2.4.0.
WARNING : Destroying directory /Users/enriqueacosta/Documents/IllustrativeMath-GrupoLEMA/output/web-prof/gra0-uni1 to clean previously built files.
INFO    : Preparing to build into /Users/enriqueacosta/Documents/IllustrativeMath-GrupoLEMA/output/web-prof/gra0-uni1.
INFO    : discovering source file's directory name: /Users/enriqueacosta/Documents/IllustrativeMath-GrupoLEMA/source/gra0-uni1
INFO    : verifying and expanding input directory: /Users/enriqueacosta/Documents/IllustrativeMath-GrupoLEMA/source/gra0-uni1/../generated-assets
INFO    : input directory expanded to absolute path: /Users/enriqueacosta/Documents/IllustrativeMath-GrupoLEMA/source/generated-assets
INFO    : verifying and expanding input directory: /Users/enriqueacosta/Documents/IllustrativeMath-GrupoLEMA/source/gra0-uni1/../assets
INFO    : input directory expanded to absolute path: /Users/enriqueacosta/Documents/IllustrativeMath-GrupoLEMA/source/assets
INFO    : Runestone Services (via PreTeXt repository): version 7.2.15
INFO    : Runestone Services (using newer, via online CDN query): version 7.4.7
INFO    : converting /Users/enriqueacosta/Documents/IllustrativeMath-GrupoLEMA/source/gra0-uni1/gra0-uni1.ptx to HTML in /var/folders/b3/dcqdqcz54f9b9pqrbwv35_gh0000gn/T/ptx-xit2n_gr
INFO    : XSL conversion of /Users/enriqueacosta/Documents/IllustrativeMath-GrupoLEMA/source/gra0-uni1/gra0-uni1.ptx by /Users/enriqueacosta/.ptx/xsl/pretext-html.xsl
INFO    : messages from the log for XSL processing (indented):
INFO    :     * PTX:ERROR: the @xml:id value "act-conozcamos-librosDeImagenes-explora" should be unique, but is authored 2 times.
INFO    :     *            Results will be unpredictable, and likely incorrect.  Information on the locations follows:
INFO    :     *              located within: "act-conozcamos-librosDeImagenes-explora" (xml:id), "Conozcamos “Libros de imágenes: Explora”" (title)
INFO    :     *              located within: "act-conozcamos-librosDeImagenes-explora" (xml:id), "Conozcamos “Libros de imágenes: Explora”" (title)
INFO    :     * PTX:ERROR: the @xml:id value "act-conozcamos-librosDeImagenes-crea" should be unique, but is authored 2 times.
INFO    :     *            Results will be unpredictable, and likely incorrect.  Information on the locations follows:
INFO    :     *              located within: "act-conozcamos-librosDeImagenes-crea" (xml:id), "Conozcamos Libros de imágenes: Crea" (title)
INFO    :     *              located within: "act-conozcamos-librosDeImagenes-crea" (xml:id), "Conozcamos Libros de imágenes: Crea" (title)
INFO    : successful application of /Users/enriqueacosta/.ptx/xsl/pretext-html.xsl
INFO    : 
Success! Run `pretext view` to see the results.

