INFO    : Using PreTeXt-CLI version 2.10.1.  The latest stable version available is 2.14.0. Run `pip install pretext --upgrade` to update.

INFO    : PreTeXt project found in `/Users/enriqueacosta/Documents/IllustrativeMath-GrupoLEMA`.
WARNING : Using CLI version 2.10.1 but project's `requirements.txt`
WARNING : is configured to use 2.3.6. Consider either installing
WARNING : CLI version 2.3.6 or running `pretext init --refresh`
WARNING : to update `requirements.txt` to match 2.10.1.
INFO    : Building target gra0-uni1-web-prof
INFO    : Preparing to build into /Users/enriqueacosta/Documents/IllustrativeMath-GrupoLEMA/output/web-prof/gra0-uni1.
INFO    : XSL conversion of /Users/enriqueacosta/Documents/IllustrativeMath-GrupoLEMA/source/gra0-uni1/gra0-uni1.ptx by /Users/enriqueacosta/.ptx/2.10.1/core/xsl/utilities/report-publisher-variables.xsl
INFO    : messages from the log for XSL processing:
ERROR   : * PTX:ERROR: the @xml:id value "act-conozcamos-librosDeImagenes-explora" should be unique, but is authored 2 times.
INFO    : *            Results will be unpredictable, and likely incorrect.  Information on the locations follows:
ERROR   : * PTX:ERROR: the @xml:id value "act-conozcamos-librosDeImagenes-crea" should be unique, but is authored 2 times.
INFO    : *            Results will be unpredictable, and likely incorrect.  Information on the locations follows:
INFO    : successful application of /Users/enriqueacosta/.ptx/2.10.1/core/xsl/utilities/report-publisher-variables.xsl
INFO    : discovering source file's directory name: /Users/enriqueacosta/Documents/IllustrativeMath-GrupoLEMA/source/gra0-uni1
INFO    : verifying and expanding input directory: /Users/enriqueacosta/Documents/IllustrativeMath-GrupoLEMA/source/gra0-uni1/../generated-assets
INFO    : input directory expanded to absolute path: /Users/enriqueacosta/Documents/IllustrativeMath-GrupoLEMA/source/generated-assets
INFO    : verifying and expanding input directory: /Users/enriqueacosta/Documents/IllustrativeMath-GrupoLEMA/source/gra0-uni1/../assets
INFO    : input directory expanded to absolute path: /Users/enriqueacosta/Documents/IllustrativeMath-GrupoLEMA/source/assets
INFO    : Runestone Services (via PreTeXt repository): version 7.4.4
INFO    : Runestone Services (using newer, via online CDN query): version 7.5.10
INFO    : Downloading Runestone Services, version 7.5.10
WARNING : There was a network problem while trying to download "https://runestone.academy/cdn/runestone/dist-7.5.10.tgz"
and the reported problem is:
HTTPSConnectionPool(host='runestone.academy', port=443): Read timed out.
WARNING : Failed to download all Runestone Services files - will rely on links to web resources
INFO    : converting /Users/enriqueacosta/Documents/IllustrativeMath-GrupoLEMA/source/gra0-uni1/gra0-uni1.ptx to HTML in /var/folders/b3/dcqdqcz54f9b9pqrbwv35_gh0000gn/T/ptx-f81ux54j
INFO    : XSL conversion of /Users/enriqueacosta/Documents/IllustrativeMath-GrupoLEMA/source/gra0-uni1/gra0-uni1.ptx by /Users/enriqueacosta/.ptx/2.10.1/core/xsl/pretext-html.xsl
INFO    : messages from the log for XSL processing:
ERROR   : * PTX:ERROR: the @xml:id value "act-conozcamos-librosDeImagenes-explora" should be unique, but is authored 2 times.
INFO    : *            Results will be unpredictable, and likely incorrect.  Information on the locations follows:
INFO    : *              located within: "act-conozcamos-librosDeImagenes-explora" (xml:id), "Conozcamos “Libros de imágenes: Explora”" (title)
INFO    : *              located within: "act-conozcamos-librosDeImagenes-explora" (xml:id), "Conozcamos “Libros de imágenes: Explora”" (title)
ERROR   : * PTX:ERROR: the @xml:id value "act-conozcamos-librosDeImagenes-crea" should be unique, but is authored 2 times.
INFO    : *            Results will be unpredictable, and likely incorrect.  Information on the locations follows:
INFO    : *              located within: "act-conozcamos-librosDeImagenes-crea" (xml:id), "Conozcamos Libros de imágenes: Crea" (title)
INFO    : *              located within: "act-conozcamos-librosDeImagenes-crea" (xml:id), "Conozcamos Libros de imágenes: Crea" (title)
WARNING : * PTX:DEPRECATE: (2024-10-08) elements previously included in a "titlepage" element inside the "frontmatter" (author, editor, credit, date, and event) should now be placed in "frontmatter/bibinfo".  To ensure a title page is created, put only the empty element "titlepage-items" inside "titlepage".  Until you move these elements, we will try to honor your intent. (1 time)
INFO    : *              located within: "meta_titlepage" (xml:id)
INFO    : * --------------
INFO    : successful application of /Users/enriqueacosta/.ptx/2.10.1/core/xsl/pretext-html.xsl
INFO    : Removing temporary directory /var/folders/b3/dcqdqcz54f9b9pqrbwv35_gh0000gn/T/ptx-c69uihaq
INFO    : Removing temporary directory /var/folders/b3/dcqdqcz54f9b9pqrbwv35_gh0000gn/T/ptx-f81ux54j
INFO    : 
Success! Run `pretext view` to see the results.

INFO    : 
----------------------------------------------------
INFO    : While running pretext, the following errors occurred:

INFO    : (see log messages above or in the 'logs' folder for more information)
INFO    : ----------------------------------------------------
