INFO    : Using PreTeXt-CLI version 2.10.1.  The latest stable version available is 2.15.1. Run `pip install pretext --upgrade` to update.

INFO    : PreTeXt project found in `/Users/enriqueacosta/Documents/IllustrativeMath-GrupoLEMA`.
WARNING : Using CLI version 2.10.1 but project's `requirements.txt`
WARNING : is configured to use 2.3.6. Consider either installing
WARNING : CLI version 2.3.6 or running `pretext init --refresh`
WARNING : to update `requirements.txt` to match 2.10.1.
INFO    : Building target gra3-uni4-web-prof
ERROR   : XInclude Error caused build to fail:
ERROR   : <string>:0:0:WARNING:IO:IO_LOAD_ERROR: failed to load external entity "/Users/enriqueacosta/Documents/IllustrativeMath-GrupoLEMA/source/gra3-uni4/PP-lec-cuantosEnCadaGrupo-PP2.ptx"
/Users/enriqueacosta/Documents/IllustrativeMath-GrupoLEMA/source/gra3-uni4/gra3-uni4-secA-ProblemasPractica.ptx:31:0:ERROR:XINCLUDE:XINCLUDE_NO_FALLBACK: could not load /Users/enriqueacosta/Documents/IllustrativeMath-GrupoLEMA/source/gra3-uni4/PP-lec-cuantosEnCadaGrupo-PP2.ptx, and no fallback was found
<string>:0:0:WARNING:IO:IO_LOAD_ERROR: failed to load external entity "/Users/enriqueacosta/Documents/IllustrativeMath-GrupoLEMA/source/gra3-uni4/PP-lec-dibujosSituacionesDivision-PP3.ptx"
/Users/enriqueacosta/Documents/IllustrativeMath-GrupoLEMA/source/gra3-uni4/gra3-uni4-secA-ProblemasPractica.ptx:32:0:ERROR:XINCLUDE:XINCLUDE_NO_FALLBACK: could not load /Users/enriqueacosta/Documents/IllustrativeMath-GrupoLEMA/source/gra3-uni4/PP-lec-dibujosSituacionesDivision-PP3.ptx, and no fallback was found
<string>:0:0:WARNING:IO:IO_LOAD_ERROR: failed to load external entity "/Users/enriqueacosta/Documents/IllustrativeMath-GrupoLEMA/source/gra3-uni4/PP-lec-interpretarExpresionesDivision-PP4.ptx"
/Users/enriqueacosta/Documents/IllustrativeMath-GrupoLEMA/source/gra3-uni4/gra3-uni4-secA-ProblemasPractica.ptx:33:0:ERROR:XINCLUDE:XINCLUDE_NO_FALLBACK: could not load /Users/enriqueacosta/Documents/IllustrativeMath-GrupoLEMA/source/gra3-uni4/PP-lec-interpretarExpresionesDivision-PP4.ptx, and no fallback was found
<string>:0:0:WARNING:IO:IO_LOAD_ERROR: failed to load external entity "/Users/enriqueacosta/Documents/IllustrativeMath-GrupoLEMA/source/gra3-uni4/PP-lec-escribamosExpresionesDivision-PP5.ptx"
/Users/enriqueacosta/Documents/IllustrativeMath-GrupoLEMA/source/gra3-uni4/gra3-uni4-secA-ProblemasPractica.ptx:34:0:ERROR:XINCLUDE:XINCLUDE_NO_FALLBACK: could not load /Users/enriqueacosta/Documents/IllustrativeMath-GrupoLEMA/source/gra3-uni4/PP-lec-escribamosExpresionesDivision-PP5.ptx, and no fallback was found
CRITICAL: XML syntax for source file is invalid
INFO    : ------------------------
CRITICAL: Failed to build.  Exiting...
INFO    : 
----------------------------------------------------
INFO    : While running pretext, the following errors occurred:

INFO    : (see log messages above or in the 'logs' folder for more information)
INFO    : ----------------------------------------------------
