INFO    : Using PreTeXt-CLI version 2.10.1.  The latest stable version available is 2.15.1. Run `pip install pretext --upgrade` to update.

INFO    : PreTeXt project found in `/Users/enriqueacosta/Documents/IllustrativeMath-GrupoLEMA`.
WARNING : Using CLI version 2.10.1 but project's `requirements.txt`
WARNING : is configured to use 2.3.6. Consider either installing
WARNING : CLI version 2.3.6 or running `pretext init --refresh`
WARNING : to update `requirements.txt` to match 2.10.1.
INFO    : Building target gra6-uni6-web-prof
ERROR   : XInclude Error caused build to fail:
ERROR   : /Users/enriqueacosta/Documents/IllustrativeMath-GrupoLEMA/source/gra6-uni6/lec-diagramasCintaYEcuaciones.ptx:113:3:FATAL:PARSER:ERR_NAME_REQUIRED: error parsing attribute name
/Users/enriqueacosta/Documents/IllustrativeMath-GrupoLEMA/source/gra6-uni6/lec-diagramasCintaYEcuaciones.ptx:113:3:FATAL:PARSER:ERR_INTERNAL_ERROR: internal error: xmlParseStartTag: problem parsing attributes

/Users/enriqueacosta/Documents/IllustrativeMath-GrupoLEMA/source/gra6-uni6/lec-diagramasCintaYEcuaciones.ptx:113:3:FATAL:PARSER:ERR_GT_REQUIRED: Couldn't find end of Start Tag subsubsection line 112
/Users/enriqueacosta/Documents/IllustrativeMath-GrupoLEMA/source/gra6-uni6/lec-diagramasCintaYEcuaciones.ptx:120:17:FATAL:PARSER:ERR_TAG_NAME_MISMATCH: Opening and ending tag mismatch: subsection line 2 and subsubsection
/Users/enriqueacosta/Documents/IllustrativeMath-GrupoLEMA/source/gra6-uni6/gra6-uni6.ptx:77:0:ERROR:XINCLUDE:XINCLUDE_NO_FALLBACK: could not load /Users/enriqueacosta/Documents/IllustrativeMath-GrupoLEMA/source/gra6-uni6/lec-diagramasCintaYEcuaciones.ptx, and no fallback was found
/Users/enriqueacosta/Documents/IllustrativeMath-GrupoLEMA/source/gra6-uni6/lec-verdadEcuaciones.ptx:113:3:FATAL:PARSER:ERR_NAME_REQUIRED: error parsing attribute name
/Users/enriqueacosta/Documents/IllustrativeMath-GrupoLEMA/source/gra6-uni6/lec-verdadEcuaciones.ptx:113:3:FATAL:PARSER:ERR_INTERNAL_ERROR: internal error: xmlParseStartTag: problem parsing attributes

/Users/enriqueacosta/Documents/IllustrativeMath-GrupoLEMA/source/gra6-uni6/lec-verdadEcuaciones.ptx:113:3:FATAL:PARSER:ERR_GT_REQUIRED: Couldn't find end of Start Tag subsubsection line 112
/Users/enriqueacosta/Documents/IllustrativeMath-GrupoLEMA/source/gra6-uni6/lec-verdadEcuaciones.ptx:123:17:FATAL:PARSER:ERR_TAG_NAME_MISMATCH: Opening and ending tag mismatch: subsection line 2 and subsubsection
/Users/enriqueacosta/Documents/IllustrativeMath-GrupoLEMA/source/gra6-uni6/gra6-uni6.ptx:78:0:ERROR:XINCLUDE:XINCLUDE_NO_FALLBACK: could not load /Users/enriqueacosta/Documents/IllustrativeMath-GrupoLEMA/source/gra6-uni6/lec-verdadEcuaciones.ptx, and no fallback was found
/Users/enriqueacosta/Documents/IllustrativeMath-GrupoLEMA/source/gra6-uni6/lec-mantenerBalance.ptx:134:3:FATAL:PARSER:ERR_NAME_REQUIRED: error parsing attribute name
/Users/enriqueacosta/Documents/IllustrativeMath-GrupoLEMA/source/gra6-uni6/lec-mantenerBalance.ptx:134:3:FATAL:PARSER:ERR_INTERNAL_ERROR: internal error: xmlParseStartTag: problem parsing attributes

/Users/enriqueacosta/Documents/IllustrativeMath-GrupoLEMA/source/gra6-uni6/lec-mantenerBalance.ptx:134:3:FATAL:PARSER:ERR_GT_REQUIRED: Couldn't find end of Start Tag subsubsection line 133
/Users/enriqueacosta/Documents/IllustrativeMath-GrupoLEMA/source/gra6-uni6/lec-mantenerBalance.ptx:144:17:FATAL:PARSER:ERR_TAG_NAME_MISMATCH: Opening and ending tag mismatch: subsection line 2 and subsubsection
/Users/enriqueacosta/Documents/IllustrativeMath-GrupoLEMA/source/gra6-uni6/gra6-uni6.ptx:79:0:ERROR:XINCLUDE:XINCLUDE_NO_FALLBACK: could not load /Users/enriqueacosta/Documents/IllustrativeMath-GrupoLEMA/source/gra6-uni6/lec-mantenerBalance.ptx, and no fallback was found
CRITICAL: XML syntax for source file is invalid
INFO    : ------------------------
CRITICAL: Failed to build.  Exiting...
INFO    : 
----------------------------------------------------
INFO    : While running pretext, the following errors occurred:

INFO    : (see log messages above or in the 'logs' folder for more information)
INFO    : ----------------------------------------------------
