INFO    : Using PreTeXt-CLI version 2.10.1.  The latest stable version available is 2.15.1. Run `pip install pretext --upgrade` to update.

INFO    : PreTeXt project found in `/Users/enriqueacosta/Documents/IllustrativeMath-GrupoLEMA`.
WARNING : Using CLI version 2.10.1 but project's `requirements.txt`
WARNING : is configured to use 2.3.6. Consider either installing
WARNING : CLI version 2.3.6 or running `pretext init --refresh`
WARNING : to update `requirements.txt` to match 2.10.1.
INFO    : Building target gra3-uni4-web-prof
ERROR   : XInclude Error caused build to fail:
ERROR   : /Users/enriqueacosta/Documents/IllustrativeMath-GrupoLEMA/source/gra3-uni4/lec-escribamosExpresionesDivision.ptx:101:3:FATAL:PARSER:ERR_NAME_REQUIRED: error parsing attribute name
/Users/enriqueacosta/Documents/IllustrativeMath-GrupoLEMA/source/gra3-uni4/lec-escribamosExpresionesDivision.ptx:101:3:FATAL:PARSER:ERR_INTERNAL_ERROR: internal error: xmlParseStartTag: problem parsing attributes

/Users/enriqueacosta/Documents/IllustrativeMath-GrupoLEMA/source/gra3-uni4/lec-escribamosExpresionesDivision.ptx:101:3:FATAL:PARSER:ERR_GT_REQUIRED: Couldn't find end of Start Tag subsubsection line 100
/Users/enriqueacosta/Documents/IllustrativeMath-GrupoLEMA/source/gra3-uni4/lec-escribamosExpresionesDivision.ptx:105:17:FATAL:PARSER:ERR_TAG_NAME_MISMATCH: Opening and ending tag mismatch: subsection line 2 and subsubsection
/Users/enriqueacosta/Documents/IllustrativeMath-GrupoLEMA/source/gra3-uni4/gra3-uni4.ptx:108:0:ERROR:XINCLUDE:XINCLUDE_NO_FALLBACK: could not load /Users/enriqueacosta/Documents/IllustrativeMath-GrupoLEMA/source/gra3-uni4/lec-escribamosExpresionesDivision.ptx, and no fallback was found
/Users/enriqueacosta/Documents/IllustrativeMath-GrupoLEMA/source/gra3-uni4/lec-divisionComoFactorDesconocido.ptx:116:3:FATAL:PARSER:ERR_NAME_REQUIRED: error parsing attribute name
/Users/enriqueacosta/Documents/IllustrativeMath-GrupoLEMA/source/gra3-uni4/lec-divisionComoFactorDesconocido.ptx:116:3:FATAL:PARSER:ERR_INTERNAL_ERROR: internal error: xmlParseStartTag: problem parsing attributes

/Users/enriqueacosta/Documents/IllustrativeMath-GrupoLEMA/source/gra3-uni4/lec-divisionComoFactorDesconocido.ptx:116:3:FATAL:PARSER:ERR_GT_REQUIRED: Couldn't find end of Start Tag subsubsection line 115
/Users/enriqueacosta/Documents/IllustrativeMath-GrupoLEMA/source/gra3-uni4/lec-divisionComoFactorDesconocido.ptx:123:17:FATAL:PARSER:ERR_TAG_NAME_MISMATCH: Opening and ending tag mismatch: subsection line 2 and subsubsection
/Users/enriqueacosta/Documents/IllustrativeMath-GrupoLEMA/source/gra3-uni4/gra3-uni4.ptx:125:0:ERROR:XINCLUDE:XINCLUDE_NO_FALLBACK: could not load /Users/enriqueacosta/Documents/IllustrativeMath-GrupoLEMA/source/gra3-uni4/lec-divisionComoFactorDesconocido.ptx, and no fallback was found
/Users/enriqueacosta/Documents/IllustrativeMath-GrupoLEMA/source/gra3-uni4/lec-relacionarMultiplicacionYDivision.ptx:100:3:FATAL:PARSER:ERR_NAME_REQUIRED: error parsing attribute name
/Users/enriqueacosta/Documents/IllustrativeMath-GrupoLEMA/source/gra3-uni4/lec-relacionarMultiplicacionYDivision.ptx:100:3:FATAL:PARSER:ERR_INTERNAL_ERROR: internal error: xmlParseStartTag: problem parsing attributes

/Users/enriqueacosta/Documents/IllustrativeMath-GrupoLEMA/source/gra3-uni4/lec-relacionarMultiplicacionYDivision.ptx:100:3:FATAL:PARSER:ERR_GT_REQUIRED: Couldn't find end of Start Tag subsubsection line 99
/Users/enriqueacosta/Documents/IllustrativeMath-GrupoLEMA/source/gra3-uni4/lec-relacionarMultiplicacionYDivision.ptx:107:17:FATAL:PARSER:ERR_TAG_NAME_MISMATCH: Opening and ending tag mismatch: subsection line 2 and subsubsection
/Users/enriqueacosta/Documents/IllustrativeMath-GrupoLEMA/source/gra3-uni4/gra3-uni4.ptx:126:0:ERROR:XINCLUDE:XINCLUDE_NO_FALLBACK: could not load /Users/enriqueacosta/Documents/IllustrativeMath-GrupoLEMA/source/gra3-uni4/lec-relacionarMultiplicacionYDivision.ptx, and no fallback was found
/Users/enriqueacosta/Documents/IllustrativeMath-GrupoLEMA/source/gra3-uni4/lec-relCocientesProductos.ptx:103:3:FATAL:PARSER:ERR_NAME_REQUIRED: error parsing attribute name
/Users/enriqueacosta/Documents/IllustrativeMath-GrupoLEMA/source/gra3-uni4/lec-relCocientesProductos.ptx:103:3:FATAL:PARSER:ERR_INTERNAL_ERROR: internal error: xmlParseStartTag: problem parsing attributes

/Users/enriqueacosta/Documents/IllustrativeMath-GrupoLEMA/source/gra3-uni4/lec-relCocientesProductos.ptx:103:3:FATAL:PARSER:ERR_GT_REQUIRED: Couldn't find end of Start Tag subsubsection line 102
/Users/enriqueacosta/Documents/IllustrativeMath-GrupoLEMA/source/gra3-uni4/lec-relCocientesProductos.ptx:110:17:FATAL:PARSER:ERR_TAG_NAME_MISMATCH: Opening and ending tag mismatch: subsection line 2 and subsubsection
/Users/enriqueacosta/Documents/IllustrativeMath-GrupoLEMA/source/gra3-uni4/gra3-uni4.ptx:127:0:ERROR:XINCLUDE:XINCLUDE_NO_FALLBACK: could not load /Users/enriqueacosta/Documents/IllustrativeMath-GrupoLEMA/source/gra3-uni4/lec-relCocientesProductos.ptx, and no fallback was found
/Users/enriqueacosta/Documents/IllustrativeMath-GrupoLEMA/source/gra3-uni4/lec-patronesTablaMultiplicar.ptx:100:3:FATAL:PARSER:ERR_NAME_REQUIRED: error parsing attribute name
/Users/enriqueacosta/Documents/IllustrativeMath-GrupoLEMA/source/gra3-uni4/lec-patronesTablaMultiplicar.ptx:100:3:FATAL:PARSER:ERR_INTERNAL_ERROR: internal error: xmlParseStartTag: problem parsing attributes

/Users/enriqueacosta/Documents/IllustrativeMath-GrupoLEMA/source/gra3-uni4/lec-patronesTablaMultiplicar.ptx:100:3:FATAL:PARSER:ERR_GT_REQUIRED: Couldn't find end of Start Tag subsubsection line 99
/Users/enriqueacosta/Documents/IllustrativeMath-GrupoLEMA/source/gra3-uni4/lec-patronesTablaMultiplicar.ptx:107:17:FATAL:PARSER:ERR_TAG_NAME_MISMATCH: Opening and ending tag mismatch: subsection line 2 and subsubsection
/Users/enriqueacosta/Documents/IllustrativeMath-GrupoLEMA/source/gra3-uni4/gra3-uni4.ptx:128:0:ERROR:XINCLUDE:XINCLUDE_NO_FALLBACK: could not load /Users/enriqueacosta/Documents/IllustrativeMath-GrupoLEMA/source/gra3-uni4/lec-patronesTablaMultiplicar.ptx, and no fallback was found
/Users/enriqueacosta/Documents/IllustrativeMath-GrupoLEMA/source/gra3-uni4/lec-estrategiasMultConRectangulos.ptx:105:3:FATAL:PARSER:ERR_NAME_REQUIRED: error parsing attribute name
/Users/enriqueacosta/Documents/IllustrativeMath-GrupoLEMA/source/gra3-uni4/lec-estrategiasMultConRectangulos.ptx:105:3:FATAL:PARSER:ERR_INTERNAL_ERROR: internal error: xmlParseStartTag: problem parsing attributes

/Users/enriqueacosta/Documents/IllustrativeMath-GrupoLEMA/source/gra3-uni4/lec-estrategiasMultConRectangulos.ptx:105:3:FATAL:PARSER:ERR_GT_REQUIRED: Couldn't find end of Start Tag subsubsection line 104
/Users/enriqueacosta/Documents/IllustrativeMath-GrupoLEMA/source/gra3-uni4/lec-estrategiasMultConRectangulos.ptx:112:17:FATAL:PARSER:ERR_TAG_NAME_MISMATCH: Opening and ending tag mismatch: subsection line 2 and subsubsection
/Users/enriqueacosta/Documents/IllustrativeMath-GrupoLEMA/source/gra3-uni4/gra3-uni4.ptx:129:0:ERROR:XINCLUDE:XINCLUDE_NO_FALLBACK: could not load /Users/enriqueacosta/Documents/IllustrativeMath-GrupoLEMA/source/gra3-uni4/lec-estrategiasMultConRectangulos.ptx, and no fallback was found
/Users/enriqueacosta/Documents/IllustrativeMath-GrupoLEMA/source/gra3-uni4/lec-estrategiasMultRectangulosSinCuadricula.ptx:106:3:FATAL:PARSER:ERR_NAME_REQUIRED: error parsing attribute name
/Users/enriqueacosta/Documents/IllustrativeMath-GrupoLEMA/source/gra3-uni4/lec-estrategiasMultRectangulosSinCuadricula.ptx:106:3:FATAL:PARSER:ERR_INTERNAL_ERROR: internal error: xmlParseStartTag: problem parsing attributes

/Users/enriqueacosta/Documents/IllustrativeMath-GrupoLEMA/source/gra3-uni4/lec-estrategiasMultRectangulosSinCuadricula.ptx:106:3:FATAL:PARSER:ERR_GT_REQUIRED: Couldn't find end of Start Tag subsubsection line 105
/Users/enriqueacosta/Documents/IllustrativeMath-GrupoLEMA/source/gra3-uni4/lec-estrategiasMultRectangulosSinCuadricula.ptx:113:17:FATAL:PARSER:ERR_TAG_NAME_MISMATCH: Opening and ending tag mismatch: subsection line 2 and subsubsection
/Users/enriqueacosta/Documents/IllustrativeMath-GrupoLEMA/source/gra3-uni4/gra3-uni4.ptx:130:0:ERROR:XINCLUDE:XINCLUDE_NO_FALLBACK: could not load /Users/enriqueacosta/Documents/IllustrativeMath-GrupoLEMA/source/gra3-uni4/lec-estrategiasMultRectangulosSinCuadricula.ptx, and no fallback was found
/Users/enriqueacosta/Documents/IllustrativeMath-GrupoLEMA/source/gra3-uni4/lec-multiplicarMultiplos10.ptx:103:3:FATAL:PARSER:ERR_NAME_REQUIRED: error parsing attribute name
/Users/enriqueacosta/Documents/IllustrativeMath-GrupoLEMA/source/gra3-uni4/lec-multiplicarMultiplos10.ptx:103:3:FATAL:PARSER:ERR_INTERNAL_ERROR: internal error: xmlParseStartTag: problem parsing attributes

/Users/enriqueacosta/Documents/IllustrativeMath-GrupoLEMA/source/gra3-uni4/lec-multiplicarMultiplos10.ptx:103:3:FATAL:PARSER:ERR_GT_REQUIRED: Couldn't find end of Start Tag subsubsection line 102
/Users/enriqueacosta/Documents/IllustrativeMath-GrupoLEMA/source/gra3-uni4/lec-multiplicarMultiplos10.ptx:107:17:FATAL:PARSER:ERR_TAG_NAME_MISMATCH: Opening and ending tag mismatch: subsection line 2 and subsubsection
/Users/enriqueacosta/Documents/IllustrativeMath-GrupoLEMA/source/gra3-uni4/gra3-uni4.ptx:147:0:ERROR:XINCLUDE:XINCLUDE_NO_FALLBACK: could not load /Users/enriqueacosta/Documents/IllustrativeMath-GrupoLEMA/source/gra3-uni4/lec-multiplicarMultiplos10.ptx, and no fallback was found
/Users/enriqueacosta/Documents/IllustrativeMath-GrupoLEMA/source/gra3-uni4/lec-multiplicarNumsMayoresA20.ptx:135:3:FATAL:PARSER:ERR_NAME_REQUIRED: error parsing attribute name
/Users/enriqueacosta/Documents/IllustrativeMath-GrupoLEMA/source/gra3-uni4/lec-multiplicarNumsMayoresA20.ptx:135:3:FATAL:PARSER:ERR_INTERNAL_ERROR: internal error: xmlParseStartTag: problem parsing attributes

/Users/enriqueacosta/Documents/IllustrativeMath-GrupoLEMA/source/gra3-uni4/lec-multiplicarNumsMayoresA20.ptx:135:3:FATAL:PARSER:ERR_GT_REQUIRED: Couldn't find end of Start Tag subsubsection line 134
/Users/enriqueacosta/Documents/IllustrativeMath-GrupoLEMA/source/gra3-uni4/lec-multiplicarNumsMayoresA20.ptx:142:17:FATAL:PARSER:ERR_TAG_NAME_MISMATCH: Opening and ending tag mismatch: subsection line 2 and subsubsection
/Users/enriqueacosta/Documents/IllustrativeMath-GrupoLEMA/source/gra3-uni4/gra3-uni4.ptx:151:0:ERROR:XINCLUDE:XINCLUDE_NO_FALLBACK: could not load /Users/enriqueacosta/Documents/IllustrativeMath-GrupoLEMA/source/gra3-uni4/lec-multiplicarNumsMayoresA20.ptx, and no fallback was found
/Users/enriqueacosta/Documents/IllustrativeMath-GrupoLEMA/source/gra3-uni4/lec-estrategiasDividir.ptx:134:3:FATAL:PARSER:ERR_NAME_REQUIRED: error parsing attribute name
/Users/enriqueacosta/Documents/IllustrativeMath-GrupoLEMA/source/gra3-uni4/lec-estrategiasDividir.ptx:134:3:FATAL:PARSER:ERR_INTERNAL_ERROR: internal error: xmlParseStartTag: problem parsing attributes

/Users/enriqueacosta/Documents/IllustrativeMath-GrupoLEMA/source/gra3-uni4/lec-estrategiasDividir.ptx:134:3:FATAL:PARSER:ERR_GT_REQUIRED: Couldn't find end of Start Tag subsubsection line 133
/Users/enriqueacosta/Documents/IllustrativeMath-GrupoLEMA/source/gra3-uni4/lec-estrategiasDividir.ptx:141:17:FATAL:PARSER:ERR_TAG_NAME_MISMATCH: Opening and ending tag mismatch: subsection line 2 and subsubsection
/Users/enriqueacosta/Documents/IllustrativeMath-GrupoLEMA/source/gra3-uni4/gra3-uni4.ptx:172:0:ERROR:XINCLUDE:XINCLUDE_NO_FALLBACK: could not load /Users/enriqueacosta/Documents/IllustrativeMath-GrupoLEMA/source/gra3-uni4/lec-estrategiasDividir.ptx, and no fallback was found
/Users/enriqueacosta/Documents/IllustrativeMath-GrupoLEMA/source/gra3-uni4/lec-problemas4Operaciones.ptx:99:3:FATAL:PARSER:ERR_NAME_REQUIRED: error parsing attribute name
/Users/enriqueacosta/Documents/IllustrativeMath-GrupoLEMA/source/gra3-uni4/lec-problemas4Operaciones.ptx:99:3:FATAL:PARSER:ERR_INTERNAL_ERROR: internal error: xmlParseStartTag: problem parsing attributes

/Users/enriqueacosta/Documents/IllustrativeMath-GrupoLEMA/source/gra3-uni4/lec-problemas4Operaciones.ptx:99:3:FATAL:PARSER:ERR_GT_REQUIRED: Couldn't find end of Start Tag subsubsection line 98
/Users/enriqueacosta/Documents/IllustrativeMath-GrupoLEMA/source/gra3-uni4/lec-problemas4Operaciones.ptx:106:17:FATAL:PARSER:ERR_TAG_NAME_MISMATCH: Opening and ending tag mismatch: subsection line 2 and subsubsection
/Users/enriqueacosta/Documents/IllustrativeMath-GrupoLEMA/source/gra3-uni4/gra3-uni4.ptx:173:0:ERROR:XINCLUDE:XINCLUDE_NO_FALLBACK: could not load /Users/enriqueacosta/Documents/IllustrativeMath-GrupoLEMA/source/gra3-uni4/lec-problemas4Operaciones.ptx, and no fallback was found
CRITICAL: XML syntax for source file is invalid
INFO    : ------------------------
CRITICAL: Failed to build.  Exiting...
INFO    : 
----------------------------------------------------
INFO    : While running pretext, the following errors occurred:

INFO    : (see log messages above or in the 'logs' folder for more information)
INFO    : ----------------------------------------------------
