INFO    : Using PreTeXt-CLI version 2.10.1.  The latest stable version available is 2.15.1. Run `pip install pretext --upgrade` to update.

INFO    : PreTeXt project found in `/Users/enriqueacosta/Documents/IllustrativeMath-GrupoLEMA`.
WARNING : Using CLI version 2.10.1 but project's `requirements.txt`
WARNING : is configured to use 2.3.6. Consider either installing
WARNING : CLI version 2.3.6 or running `pretext init --refresh`
WARNING : to update `requirements.txt` to match 2.10.1.
INFO    : Staging deployment according to strategy pelican_default
INFO    : Staging `gra3-uni4-web-est` at `/Users/enriqueacosta/Documents/IllustrativeMath-GrupoLEMA/output/stage/estudiante/gra3-uni4`.
INFO    : Staging `gra3-uni4-web-prof` at `/Users/enriqueacosta/Documents/IllustrativeMath-GrupoLEMA/output/stage/profesor/gra3-uni4`.
ERROR   : Pelican is not installed. Please install Pelican to use this feature.
INFO    : Preparing to deploy from active `main` git branch.
INFO    : 
INFO    : Changes to project source since last commit detected.
ERROR   : Either add and commit these changes with Git, or run
ERROR   : `pretext deploy -u` to have these changes updated automatically.
INFO    : 
----------------------------------------------------
INFO    : While running pretext, the following errors occurred:

INFO    : (see log messages above or in the 'logs' folder for more information)
INFO    : ----------------------------------------------------
