INFO    : Using PreTeXt-CLI version 2.10.1.  The latest stable version available is 2.15.1. Run `pip install pretext --upgrade` to update.

INFO    : PreTeXt project found in `/Users/enriqueacosta/Documents/IllustrativeMath-GrupoLEMA`.
WARNING : Using CLI version 2.10.1 but project's `requirements.txt`
WARNING : is configured to use 2.3.6. Consider either installing
WARNING : CLI version 2.3.6 or running `pretext init --refresh`
WARNING : to update `requirements.txt` to match 2.10.1.
INFO    : Building target gra3-uni4-web-est
INFO    : Preparing to build into /Users/enriqueacosta/Documents/IllustrativeMath-GrupoLEMA/output/web-est/gra3-uni4.
INFO    : XSL conversion of /Users/enriqueacosta/Documents/IllustrativeMath-GrupoLEMA/source/gra3-uni4/gra3-uni4.ptx by /Users/enriqueacosta/.ptx/2.10.1/core/xsl/utilities/report-publisher-variables.xsl
INFO    : successful application of /Users/enriqueacosta/.ptx/2.10.1/core/xsl/utilities/report-publisher-variables.xsl
INFO    : discovering source file's directory name: /Users/enriqueacosta/Documents/IllustrativeMath-GrupoLEMA/source/gra3-uni4
INFO    : verifying and expanding input directory: /Users/enriqueacosta/Documents/IllustrativeMath-GrupoLEMA/source/gra3-uni4/../generated-assets
INFO    : input directory expanded to absolute path: /Users/enriqueacosta/Documents/IllustrativeMath-GrupoLEMA/source/generated-assets
INFO    : verifying and expanding input directory: /Users/enriqueacosta/Documents/IllustrativeMath-GrupoLEMA/source/gra3-uni4/../assets
INFO    : input directory expanded to absolute path: /Users/enriqueacosta/Documents/IllustrativeMath-GrupoLEMA/source/assets
INFO    : Runestone Services (via PreTeXt repository): version 7.4.4
INFO    : Runestone Services (using newer, via online CDN query): version 7.5.11
INFO    : Downloading Runestone Services, version 7.5.11
INFO    : Extracting Runestone Services from archive file
INFO    : converting /Users/enriqueacosta/Documents/IllustrativeMath-GrupoLEMA/source/gra3-uni4/gra3-uni4.ptx to HTML in /var/folders/b3/dcqdqcz54f9b9pqrbwv35_gh0000gn/T/ptx-rt3rpzts
INFO    : XSL conversion of /Users/enriqueacosta/Documents/IllustrativeMath-GrupoLEMA/source/gra3-uni4/gra3-uni4.ptx by /Users/enriqueacosta/.ptx/2.10.1/core/xsl/pretext-html.xsl
INFO    : successful application of /Users/enriqueacosta/.ptx/2.10.1/core/xsl/pretext-html.xsl
INFO    : Removing temporary directory /var/folders/b3/dcqdqcz54f9b9pqrbwv35_gh0000gn/T/ptx-y35vwc42
INFO    : Removing temporary directory /var/folders/b3/dcqdqcz54f9b9pqrbwv35_gh0000gn/T/ptx-rt3rpzts
INFO    : 
Success! Run `pretext view` to see the results.

INFO    : 
