INFO    : Using PreTeXt-CLI version 2.10.1.  The latest stable version available is 2.14.0. Run `pip install pretext --upgrade` to update.

INFO    : PreTeXt project found in `/Users/enriqueacosta/Documents/IllustrativeMath-GrupoLEMA`.
WARNING : Using CLI version 2.10.1 but project's `requirements.txt`
WARNING : is configured to use 2.3.6. Consider either installing
WARNING : CLI version 2.3.6 or running `pretext init --refresh`
WARNING : to update `requirements.txt` to match 2.10.1.
INFO    : Building target gra0-uni1-web-prof
ERROR   : XInclude Error caused build to fail:
ERROR   : /Users/enriqueacosta/Documents/IllustrativeMath-GrupoLEMA/source/gra0-uni1/act-contemosColecciones2.ptx:99:86:FATAL:PARSER:ERR_TAG_NAME_MISMATCH: Opening and ending tag mismatch: q line 99 and li
/Users/enriqueacosta/Documents/IllustrativeMath-GrupoLEMA/source/gra0-uni1/act-contemosColecciones2.ptx:101:10:FATAL:PARSER:ERR_TAG_NAME_MISMATCH: Opening and ending tag mismatch: li line 99 and ul
/Users/enriqueacosta/Documents/IllustrativeMath-GrupoLEMA/source/gra0-uni1/act-contemosColecciones2.ptx:102:16:FATAL:PARSER:ERR_TAG_NAME_MISMATCH: Opening and ending tag mismatch: ul line 96 and paragraphs
/Users/enriqueacosta/Documents/IllustrativeMath-GrupoLEMA/source/gra0-uni1/act-contemosColecciones2.ptx:120:12:FATAL:PARSER:ERR_TAG_NAME_MISMATCH: Opening and ending tag mismatch: paragraphs line 93 and postlude
/Users/enriqueacosta/Documents/IllustrativeMath-GrupoLEMA/source/gra0-uni1/act-contemosColecciones2.ptx:122:12:FATAL:PARSER:ERR_TAG_NAME_MISMATCH: Opening and ending tag mismatch: postlude line 77 and activity
/Users/enriqueacosta/Documents/IllustrativeMath-GrupoLEMA/source/gra0-uni1/lec-cuantosHayParte2.ptx:110:0:ERROR:XINCLUDE:XINCLUDE_NO_FALLBACK: could not load /Users/enriqueacosta/Documents/IllustrativeMath-GrupoLEMA/source/gra0-uni1/act-contemosColecciones2.ptx, and no fallback was found
CRITICAL: XML syntax for source file is invalid
INFO    : ------------------------
CRITICAL: Failed to build.  Exiting...
INFO    : 
----------------------------------------------------
INFO    : While running pretext, the following errors occurred:

INFO    : (see log messages above or in the 'logs' folder for more information)
INFO    : ----------------------------------------------------
